components/Alex_CookBook/search_bar/search_bar.ts(29,11): error TS2322: Type 'typeof input_field' is not assignable to type 'new () => { create: (props: ComponentProps) => SceneNode | Promise<SceneNode>; createAsync?: ((props: ComponentProps) => Promise<...>) | undefined; }'.
  Construct signature return types 'input_field' and '{ create: (props: ComponentProps) => SceneNode | Promise<SceneNode>; createAsync?: ((props: ComponentProps) => Promise<...>) | undefined; }' are incompatible.
    The types of 'create' are incompatible between these types.
      Type '(props: InputFieldProps) => Promise<SceneNode>' is not assignable to type '(props: ComponentProps) => SceneNode | Promise<SceneNode>'.
        Types of parameters 'props' and 'props' are incompatible.
          Property 'placeholder' is missing in type 'ComponentProps' but required in type 'InputFieldProps'.
components/Alex_CookBook/search_bar_expanded/search_bar_expanded.ts(4,11): error TS2430: Interface 'ExtendedNodeDefinition' incorrectly extends interface 'NodeDefinition'.
  Types of property 'postCreate' are incompatible.
    Type '((node: SceneNode, props: ComponentProps) => void | Promise<void>) | undefined' is not assignable to type '((node: SceneNode, props?: (Record<string, any> & { richTextSpans?: { start: number; end: number; font?: FontName | undefined; fills?: Paint[] | undefined; fontSize?: number | undefined; }[] | undefined; }) | undefined) => void | Promise<...>) | undefined'.
      Type '(node: SceneNode, props: ComponentProps) => void | Promise<void>' is not assignable to type '(node: SceneNode, props?: (Record<string, any> & { richTextSpans?: { start: number; end: number; font?: FontName | undefined; fills?: Paint[] | undefined; fontSize?: number | undefined; }[] | undefined; }) | undefined) => void | Promise<...>'.
        Types of parameters 'props' and 'props' are incompatible.
          Type '(Record<string, any> & { richTextSpans?: { start: number; end: number; font?: FontName | undefined; fills?: Paint[] | undefined; fontSize?: number | undefined; }[] | undefined; }) | undefined' is not assignable to type 'ComponentProps'.
            Type 'undefined' is not assignable to type 'ComponentProps'.
components/Alex_CookBook/search_bar_expanded/search_bar_expanded.ts(49,41): error TS2345: Argument of type 'ExtendedNodeDefinition' is not assignable to parameter of type 'NodeDefinition'.
  Types of property 'postCreate' are incompatible.
    Type '((node: SceneNode, props: ComponentProps) => void | Promise<void>) | undefined' is not assignable to type '((node: SceneNode, props?: (Record<string, any> & { richTextSpans?: { start: number; end: number; font?: FontName | undefined; fills?: Paint[] | undefined; fontSize?: number | undefined; }[] | undefined; }) | undefined) => void | Promise<...>) | undefined'.
      Type '(node: SceneNode, props: ComponentProps) => void | Promise<void>' is not assignable to type '(node: SceneNode, props?: (Record<string, any> & { richTextSpans?: { start: number; end: number; font?: FontName | undefined; fills?: Paint[] | undefined; fontSize?: number | undefined; }[] | undefined; }) | undefined) => void | Promise<...>'.
        Types of parameters 'props' and 'props' are incompatible.
          Type '(Record<string, any> & { richTextSpans?: { start: number; end: number; font?: FontName | undefined; fills?: Paint[] | undefined; fontSize?: number | undefined; }[] | undefined; }) | undefined' is not assignable to type 'ComponentProps'.
            Type 'undefined' is not assignable to type 'ComponentProps'.
components/Alex_CookBook/search_bar_expanded_radio/search_bar_expanded_radio.ts(6,11): error TS2430: Interface 'ExtendedNodeDefinition' incorrectly extends interface 'NodeDefinition'.
  Types of property 'postCreate' are incompatible.
    Type '((node: SceneNode, props: ComponentProps) => void | Promise<void>) | undefined' is not assignable to type '((node: SceneNode, props?: (Record<string, any> & { richTextSpans?: { start: number; end: number; font?: FontName | undefined; fills?: Paint[] | undefined; fontSize?: number | undefined; }[] | undefined; }) | undefined) => void | Promise<...>) | undefined'.
      Type '(node: SceneNode, props: ComponentProps) => void | Promise<void>' is not assignable to type '(node: SceneNode, props?: (Record<string, any> & { richTextSpans?: { start: number; end: number; font?: FontName | undefined; fills?: Paint[] | undefined; fontSize?: number | undefined; }[] | undefined; }) | undefined) => void | Promise<...>'.
        Types of parameters 'props' and 'props' are incompatible.
          Type '(Record<string, any> & { richTextSpans?: { start: number; end: number; font?: FontName | undefined; fills?: Paint[] | undefined; fontSize?: number | undefined; }[] | undefined; }) | undefined' is not assignable to type 'ComponentProps'.
            Type 'undefined' is not assignable to type 'ComponentProps'.
components/Alex_CookBook/search_bar_expanded_radio/search_bar_expanded_radio.ts(49,45): error TS2345: Argument of type 'ExtendedNodeDefinition' is not assignable to parameter of type 'NodeDefinition'.
  Types of property 'postCreate' are incompatible.
    Type '((node: SceneNode, props: ComponentProps) => void | Promise<void>) | undefined' is not assignable to type '((node: SceneNode, props?: (Record<string, any> & { richTextSpans?: { start: number; end: number; font?: FontName | undefined; fills?: Paint[] | undefined; fontSize?: number | undefined; }[] | undefined; }) | undefined) => void | Promise<...>) | undefined'.
      Type '(node: SceneNode, props: ComponentProps) => void | Promise<void>' is not assignable to type '(node: SceneNode, props?: (Record<string, any> & { richTextSpans?: { start: number; end: number; font?: FontName | undefined; fills?: Paint[] | undefined; fontSize?: number | undefined; }[] | undefined; }) | undefined) => void | Promise<...>'.
        Types of parameters 'props' and 'props' are incompatible.
          Type '(Record<string, any> & { richTextSpans?: { start: number; end: number; font?: FontName | undefined; fills?: Paint[] | undefined; fontSize?: number | undefined; }[] | undefined; }) | undefined' is not assignable to type 'ComponentProps'.
            Type 'undefined' is not assignable to type 'ComponentProps'.
components/Alex_CookBook/sidebar_filtering/sidebar_filtering.ts(141,9): error TS2322: Type 'typeof input_field' is not assignable to type 'new () => { create: (props: ComponentProps) => SceneNode | Promise<SceneNode>; createAsync?: ((props: ComponentProps) => Promise<...>) | undefined; }'.
  Construct signature return types 'input_field' and '{ create: (props: ComponentProps) => SceneNode | Promise<SceneNode>; createAsync?: ((props: ComponentProps) => Promise<...>) | undefined; }' are incompatible.
    The types of 'create' are incompatible between these types.
      Type '(props: InputFieldProps) => Promise<SceneNode>' is not assignable to type '(props: ComponentProps) => SceneNode | Promise<SceneNode>'.
        Types of parameters 'props' and 'props' are incompatible.
          Property 'placeholder' is missing in type 'ComponentProps' but required in type 'InputFieldProps'.
components/Newsletter/Button.ts(21,9): error TS2322: Type 'number | undefined' is not assignable to type 'number'.
  Type 'undefined' is not assignable to type 'number'.
components/Newsletter/Button.ts(22,9): error TS2322: Type 'number | undefined' is not assignable to type 'number'.
  Type 'undefined' is not assignable to type 'number'.
components/Newsletter/TableStat.ts(26,9): error TS2322: Type 'number | undefined' is not assignable to type 'number'.
  Type 'undefined' is not assignable to type 'number'.
components/Newsletter/TableStat.ts(27,9): error TS2322: Type 'number | undefined' is not assignable to type 'number'.
  Type 'undefined' is not assignable to type 'number'.
pages/UEFA_web/Nav_Booking_28_Demo.ts(103,21): error TS2322: Type '{ type: "FRAME"; name: string; props: { layoutMode: string; itemSpacing: number; fills: never[]; }; layoutProps: { parentIsAutoLayout: true; width: number; }; children: ({ type: "TEXT"; props: { characters: string; fontSize: number; font: { ...; }; fills: { ...; }[]; text?: undefined; }; layoutProps: { ...; }; name?...' is not assignable to type 'NodeDefinition[]'.
  Type '{ type: "FRAME"; name: string; props: { layoutMode: string; itemSpacing: number; fills: never[]; }; layoutProps: { parentIsAutoLayout: true; width: number; }; children: ({ type: "TEXT"; props: { characters: string; fontSize: number; font: { ...; }; fills: { ...; }[]; text?: undefined; }; layoutProps: { ...; }; name?...' is not assignable to type 'NodeDefinition'.
    Types of property 'children' are incompatible.
      Type '({ type: "TEXT"; props: { characters: string; fontSize: number; font: { family: string; style: string; }; fills: { type: string; color: { r: number; g: number; b: number; }; }[]; text?: undefined; }; layoutProps: { ...; }; name?: undefined; component?: undefined; } | { ...; } | { ...; })[]' is not assignable to type 'NodeDefinition[]'.
        Type '{ type: "TEXT"; props: { characters: string; fontSize: number; font: { family: string; style: string; }; fills: { type: string; color: { r: number; g: number; b: number; }; }[]; text?: undefined; }; layoutProps: { ...; }; name?: undefined; component?: undefined; } | { ...; } | { ...; }' is not assignable to type 'NodeDefinition'.
          Type '{ type: "COMPONENT"; component: typeof UserObservationStickyNote; props: { text: string; characters?: undefined; fontSize?: undefined; font?: undefined; fills?: undefined; }; layoutProps: { ...; }; name?: undefined; }' is not assignable to type 'NodeDefinition'.
            The types of '(new component()).create' are incompatible between these types.
              Type '(props: UserObservationStickyNoteProps) => Promise<SceneNode>' is not assignable to type '(props: ComponentProps) => SceneNode | Promise<SceneNode>'.
                Types of parameters 'props' and 'props' are incompatible.
                  Type 'ComponentProps' is not assignable to type 'UserObservationStickyNoteProps'.
                    Types of property 'text' are incompatible.
                      Type 'string | undefined' is not assignable to type 'string'.
                        Type 'undefined' is not assignable to type 'string'.
pages/UEFA_web/Nav_Euro_28_Demo.ts(86,42): error TS2322: Type 'typeof UserObservationStickyNote' is not assignable to type 'new () => { create: (props: ComponentProps) => SceneNode | Promise<SceneNode>; createAsync?: ((props: ComponentProps) => Promise<...>) | undefined; }'.
  Construct signature return types 'UserObservationStickyNote' and '{ create: (props: ComponentProps) => SceneNode | Promise<SceneNode>; createAsync?: ((props: ComponentProps) => Promise<...>) | undefined; }' are incompatible.
    The types of 'create' are incompatible between these types.
      Type '(props: UserObservationStickyNoteProps) => Promise<SceneNode>' is not assignable to type '(props: ComponentProps) => SceneNode | Promise<SceneNode>'.
        Types of parameters 'props' and 'props' are incompatible.
          Type 'ComponentProps' is not assignable to type 'UserObservationStickyNoteProps'.
            Types of property 'text' are incompatible.
              Type 'string | undefined' is not assignable to type 'string'.
                Type 'undefined' is not assignable to type 'string'.
pages/UEFA_web/NavBookingDemo.ts(137,42): error TS2322: Type 'typeof UserObservationStickyNote' is not assignable to type 'new () => { create: (props: ComponentProps) => SceneNode | Promise<SceneNode>; createAsync?: ((props: ComponentProps) => Promise<...>) | undefined; }'.
  Construct signature return types 'UserObservationStickyNote' and '{ create: (props: ComponentProps) => SceneNode | Promise<SceneNode>; createAsync?: ((props: ComponentProps) => Promise<...>) | undefined; }' are incompatible.
    The types of 'create' are incompatible between these types.
      Type '(props: UserObservationStickyNoteProps) => Promise<SceneNode>' is not assignable to type '(props: ComponentProps) => SceneNode | Promise<SceneNode>'.
        Types of parameters 'props' and 'props' are incompatible.
          Type 'ComponentProps' is not assignable to type 'UserObservationStickyNoteProps'.
            Types of property 'text' are incompatible.
              Type 'string | undefined' is not assignable to type 'string'.
                Type 'undefined' is not assignable to type 'string'.
pages/UEFA_web/NavBookingDemo.ts(182,42): error TS2322: Type 'typeof UserObservationStickyNote' is not assignable to type 'new () => { create: (props: ComponentProps) => SceneNode | Promise<SceneNode>; createAsync?: ((props: ComponentProps) => Promise<...>) | undefined; }'.
  Construct signature return types 'UserObservationStickyNote' and '{ create: (props: ComponentProps) => SceneNode | Promise<SceneNode>; createAsync?: ((props: ComponentProps) => Promise<...>) | undefined; }' are incompatible.
    The types of 'create' are incompatible between these types.
      Type '(props: UserObservationStickyNoteProps) => Promise<SceneNode>' is not assignable to type '(props: ComponentProps) => SceneNode | Promise<SceneNode>'.
        Types of parameters 'props' and 'props' are incompatible.
          Type 'ComponentProps' is not assignable to type 'UserObservationStickyNoteProps'.
            Types of property 'text' are incompatible.
              Type 'string | undefined' is not assignable to type 'string'.
                Type 'undefined' is not assignable to type 'string'.
temp_debug_refactored_code.ts(1,69): error TS2307: Cannot find module '../../BaseComponent' or its corresponding type declarations.
temp_debug_refactored_code.ts(81,25): error TS2339: Property 'hydratePaints' does not exist on type 'uefa_cards_4x_procedural_repro'.
temp_debug_refactored_code.ts(82,27): error TS2339: Property 'hydratePaints' does not exist on type 'uefa_cards_4x_procedural_repro'.
temp_debug_refactored_code.ts(119,33): error TS2339: Property 'hydratePaints' does not exist on type 'uefa_cards_4x_procedural_repro'.
temp_debug_refactored_code.ts(120,35): error TS2339: Property 'hydratePaints' does not exist on type 'uefa_cards_4x_procedural_repro'.
temp_debug_refactored_code.ts(146,41): error TS2339: Property 'hydratePaints' does not exist on type 'uefa_cards_4x_procedural_repro'.
temp_debug_refactored_code.ts(147,43): error TS2339: Property 'hydratePaints' does not exist on type 'uefa_cards_4x_procedural_repro'.
temp_debug_refactored_code.ts(161,1): error TS2552: Cannot find name 'root_child_0_child_0_child_0'. Did you mean 'root_child_0_child_1_child_0'?
temp_debug_refactored_code.ts(162,1): error TS2552: Cannot find name 'root_child_0_child_0_child_0'. Did you mean 'root_child_0_child_1_child_0'?
temp_debug_refactored_code.ts(163,1): error TS2552: Cannot find name 'root_child_0_child_0_child_0'. Did you mean 'root_child_0_child_1_child_0'?
temp_debug_refactored_code.ts(164,1): error TS2552: Cannot find name 'root_child_0_child_0_child_0'. Did you mean 'root_child_0_child_1_child_0'?
temp_debug_refactored_code.ts(165,20): error TS2552: Cannot find name 'root_child_0_child_0_child_0'. Did you mean 'root_child_0_child_1_child_0'?
temp_debug_refactored_code.ts(165,50): error TS2552: Cannot find name 'root_child_0_child_0_child_0'. Did you mean 'root_child_0_child_1_child_0'?
temp_debug_refactored_code.ts(166,17): error TS2552: Cannot find name 'root_child_0_child_0_child_0'. Did you mean 'root_child_0_child_1_child_0'?
temp_debug_refactored_code.ts(166,47): error TS2552: Cannot find name 'root_child_0_child_0_child_0'. Did you mean 'root_child_0_child_1_child_0'?
temp_debug_refactored_code.ts(167,19): error TS2552: Cannot find name 'root_child_0_child_0_child_0'. Did you mean 'root_child_0_child_1_child_0'?
temp_debug_refactored_code.ts(167,49): error TS2552: Cannot find name 'root_child_0_child_0_child_0'. Did you mean 'root_child_0_child_1_child_0'?
temp_debug_refactored_code.ts(168,1): error TS2304: Cannot find name 'root_child_0_child_0_child_0'.
temp_debug_refactored_code.ts(168,51): error TS2339: Property 'hydratePaints' does not exist on type 'uefa_cards_4x_procedural_repro'.
temp_debug_refactored_code.ts(169,1): error TS2304: Cannot find name 'root_child_0_child_0_child_0'.
temp_debug_refactored_code.ts(170,1): error TS2304: Cannot find name 'root_child_0_child_0_child_0'.
temp_debug_refactored_code.ts(171,20): error TS2304: Cannot find name 'root_child_0_child_0_child_0'.
temp_debug_refactored_code.ts(171,50): error TS2304: Cannot find name 'root_child_0_child_0_child_0'.
temp_debug_refactored_code.ts(172,21): error TS2304: Cannot find name 'root_child_0_child_0_child_0'.
temp_debug_refactored_code.ts(172,51): error TS2304: Cannot find name 'root_child_0_child_0_child_0'.
temp_debug_refactored_code.ts(173,27): error TS2304: Cannot find name 'root_child_0_child_0_child_0'.
temp_debug_refactored_code.ts(173,57): error TS2304: Cannot find name 'root_child_0_child_0_child_0'.
temp_debug_refactored_code.ts(174,1): error TS2304: Cannot find name 'root_child_0_child_0_child_0'.
temp_debug_refactored_code.ts(175,23): error TS2304: Cannot find name 'root_child_0_child_0_child_0'.
temp_debug_refactored_code.ts(175,53): error TS2304: Cannot find name 'root_child_0_child_0_child_0'.
temp_debug_refactored_code.ts(176,34): error TS2304: Cannot find name 'root_child_0_child_0_child_0'.
temp_debug_refactored_code.ts(177,23): error TS2304: Cannot find name 'root_child_0_child_0_child_0'.
temp_debug_refactored_code.ts(178,1): error TS2304: Cannot find name 'root_child_0_child_0_child_0'.
temp_debug_refactored_code.ts(179,1): error TS2304: Cannot find name 'root_child_0_child_0_child_0'.
temp_debug_refactored_code.ts(210,41): error TS2339: Property 'hydratePaints' does not exist on type 'uefa_cards_4x_procedural_repro'.
temp_debug_refactored_code.ts(211,43): error TS2339: Property 'hydratePaints' does not exist on type 'uefa_cards_4x_procedural_repro'.
temp_debug_refactored_code.ts(233,49): error TS2339: Property 'hydratePaints' does not exist on type 'uefa_cards_4x_procedural_repro'.
temp_debug_refactored_code.ts(234,51): error TS2339: Property 'hydratePaints' does not exist on type 'uefa_cards_4x_procedural_repro'.
temp_debug_refactored_code.ts(253,12): error TS2339: Property 'setFont' does not exist on type 'uefa_cards_4x_procedural_repro'.
temp_debug_refactored_code.ts(255,12): error TS2339: Property 'setRangeFont' does not exist on type 'uefa_cards_4x_procedural_repro'.
temp_debug_refactored_code.ts(273,49): error TS2339: Property 'hydratePaints' does not exist on type 'uefa_cards_4x_procedural_repro'.
temp_debug_refactored_code.ts(274,51): error TS2339: Property 'hydratePaints' does not exist on type 'uefa_cards_4x_procedural_repro'.
temp_debug_refactored_code.ts(293,12): error TS2339: Property 'setFont' does not exist on type 'uefa_cards_4x_procedural_repro'.
temp_debug_refactored_code.ts(295,12): error TS2339: Property 'setRangeFont' does not exist on type 'uefa_cards_4x_procedural_repro'.
temp_debug_refactored_code.ts(328,49): error TS2339: Property 'hydratePaints' does not exist on type 'uefa_cards_4x_procedural_repro'.
temp_debug_refactored_code.ts(329,51): error TS2339: Property 'hydratePaints' does not exist on type 'uefa_cards_4x_procedural_repro'.
temp_debug_refactored_code.ts(366,57): error TS2339: Property 'hydratePaints' does not exist on type 'uefa_cards_4x_procedural_repro'.
temp_debug_refactored_code.ts(367,59): error TS2339: Property 'hydratePaints' does not exist on type 'uefa_cards_4x_procedural_repro'.
temp_debug_refactored_code.ts(389,65): error TS2339: Property 'hydratePaints' does not exist on type 'uefa_cards_4x_procedural_repro'.
temp_debug_refactored_code.ts(390,67): error TS2339: Property 'hydratePaints' does not exist on type 'uefa_cards_4x_procedural_repro'.
temp_debug_refactored_code.ts(409,12): error TS2339: Property 'setFont' does not exist on type 'uefa_cards_4x_procedural_repro'.
temp_debug_refactored_code.ts(411,12): error TS2339: Property 'setRangeFont' does not exist on type 'uefa_cards_4x_procedural_repro'.
temp_debug_refactored_code.ts(429,65): error TS2339: Property 'hydratePaints' does not exist on type 'uefa_cards_4x_procedural_repro'.
temp_debug_refactored_code.ts(430,67): error TS2339: Property 'hydratePaints' does not exist on type 'uefa_cards_4x_procedural_repro'.
temp_debug_refactored_code.ts(449,12): error TS2339: Property 'setFont' does not exist on type 'uefa_cards_4x_procedural_repro'.
temp_debug_refactored_code.ts(451,12): error TS2339: Property 'setRangeFont' does not exist on type 'uefa_cards_4x_procedural_repro'.
temp_debug_refactored_code.ts(489,57): error TS2339: Property 'hydratePaints' does not exist on type 'uefa_cards_4x_procedural_repro'.
temp_debug_refactored_code.ts(490,59): error TS2339: Property 'hydratePaints' does not exist on type 'uefa_cards_4x_procedural_repro'.
temp_debug_refactored_code.ts(512,65): error TS2339: Property 'hydratePaints' does not exist on type 'uefa_cards_4x_procedural_repro'.
temp_debug_refactored_code.ts(513,67): error TS2339: Property 'hydratePaints' does not exist on type 'uefa_cards_4x_procedural_repro'.
temp_debug_refactored_code.ts(532,12): error TS2339: Property 'setFont' does not exist on type 'uefa_cards_4x_procedural_repro'.
temp_debug_refactored_code.ts(534,12): error TS2339: Property 'setRangeFont' does not exist on type 'uefa_cards_4x_procedural_repro'.
temp_debug_refactored_code.ts(567,65): error TS2339: Property 'hydratePaints' does not exist on type 'uefa_cards_4x_procedural_repro'.
temp_debug_refactored_code.ts(568,67): error TS2339: Property 'hydratePaints' does not exist on type 'uefa_cards_4x_procedural_repro'.
temp_debug_refactored_code.ts(582,1): error TS2304: Cannot find name 'root_child_0_child_1_child_2_child_1_child_1_child_0'.
temp_debug_refactored_code.ts(583,1): error TS2304: Cannot find name 'root_child_0_child_1_child_2_child_1_child_1_child_0'.
temp_debug_refactored_code.ts(584,1): error TS2304: Cannot find name 'root_child_0_child_1_child_2_child_1_child_1_child_0'.
temp_debug_refactored_code.ts(585,1): error TS2304: Cannot find name 'root_child_0_child_1_child_2_child_1_child_1_child_0'.
temp_debug_refactored_code.ts(586,20): error TS2304: Cannot find name 'root_child_0_child_1_child_2_child_1_child_1_child_0'.
temp_debug_refactored_code.ts(586,74): error TS2304: Cannot find name 'root_child_0_child_1_child_2_child_1_child_1_child_0'.
temp_debug_refactored_code.ts(587,17): error TS2304: Cannot find name 'root_child_0_child_1_child_2_child_1_child_1_child_0'.
temp_debug_refactored_code.ts(587,71): error TS2304: Cannot find name 'root_child_0_child_1_child_2_child_1_child_1_child_0'.
temp_debug_refactored_code.ts(588,19): error TS2304: Cannot find name 'root_child_0_child_1_child_2_child_1_child_1_child_0'.
temp_debug_refactored_code.ts(588,73): error TS2304: Cannot find name 'root_child_0_child_1_child_2_child_1_child_1_child_0'.
temp_debug_refactored_code.ts(589,1): error TS2304: Cannot find name 'root_child_0_child_1_child_2_child_1_child_1_child_0'.
temp_debug_refactored_code.ts(589,75): error TS2339: Property 'hydratePaints' does not exist on type 'uefa_cards_4x_procedural_repro'.
temp_debug_refactored_code.ts(590,1): error TS2304: Cannot find name 'root_child_0_child_1_child_2_child_1_child_1_child_0'.
temp_debug_refactored_code.ts(591,1): error TS2304: Cannot find name 'root_child_0_child_1_child_2_child_1_child_1_child_0'.
temp_debug_refactored_code.ts(592,20): error TS2304: Cannot find name 'root_child_0_child_1_child_2_child_1_child_1_child_0'.
temp_debug_refactored_code.ts(592,74): error TS2304: Cannot find name 'root_child_0_child_1_child_2_child_1_child_1_child_0'.
temp_debug_refactored_code.ts(593,21): error TS2304: Cannot find name 'root_child_0_child_1_child_2_child_1_child_1_child_0'.
temp_debug_refactored_code.ts(593,75): error TS2304: Cannot find name 'root_child_0_child_1_child_2_child_1_child_1_child_0'.
temp_debug_refactored_code.ts(594,27): error TS2304: Cannot find name 'root_child_0_child_1_child_2_child_1_child_1_child_0'.
temp_debug_refactored_code.ts(594,81): error TS2304: Cannot find name 'root_child_0_child_1_child_2_child_1_child_1_child_0'.
temp_debug_refactored_code.ts(595,1): error TS2304: Cannot find name 'root_child_0_child_1_child_2_child_1_child_1_child_0'.
temp_debug_refactored_code.ts(596,23): error TS2304: Cannot find name 'root_child_0_child_1_child_2_child_1_child_1_child_0'.
temp_debug_refactored_code.ts(596,77): error TS2304: Cannot find name 'root_child_0_child_1_child_2_child_1_child_1_child_0'.
temp_debug_refactored_code.ts(597,58): error TS2304: Cannot find name 'root_child_0_child_1_child_2_child_1_child_1_child_0'.
temp_debug_refactored_code.ts(599,1): error TS2304: Cannot find name 'root_child_0_child_1_child_2_child_1_child_1_child_0'.
temp_debug_refactored_code.ts(600,1): error TS2304: Cannot find name 'root_child_0_child_1_child_2_child_1_child_1_child_0'.
temp_debug_refactored_code.ts(601,23): error TS2304: Cannot find name 'root_child_0_child_1_child_2_child_1_child_1_child_0'.
temp_debug_refactored_code.ts(604,1): error TS2304: Cannot find name 'root_child_0_child_1_child_2_child_1_child_1_child_1'.
temp_debug_refactored_code.ts(605,1): error TS2304: Cannot find name 'root_child_0_child_1_child_2_child_1_child_1_child_1'.
temp_debug_refactored_code.ts(606,1): error TS2304: Cannot find name 'root_child_0_child_1_child_2_child_1_child_1_child_1'.
temp_debug_refactored_code.ts(607,1): error TS2304: Cannot find name 'root_child_0_child_1_child_2_child_1_child_1_child_1'.
temp_debug_refactored_code.ts(608,20): error TS2304: Cannot find name 'root_child_0_child_1_child_2_child_1_child_1_child_1'.
temp_debug_refactored_code.ts(608,74): error TS2304: Cannot find name 'root_child_0_child_1_child_2_child_1_child_1_child_1'.
temp_debug_refactored_code.ts(609,17): error TS2304: Cannot find name 'root_child_0_child_1_child_2_child_1_child_1_child_1'.
temp_debug_refactored_code.ts(609,71): error TS2304: Cannot find name 'root_child_0_child_1_child_2_child_1_child_1_child_1'.
temp_debug_refactored_code.ts(610,19): error TS2304: Cannot find name 'root_child_0_child_1_child_2_child_1_child_1_child_1'.
temp_debug_refactored_code.ts(610,73): error TS2304: Cannot find name 'root_child_0_child_1_child_2_child_1_child_1_child_1'.
temp_debug_refactored_code.ts(611,1): error TS2304: Cannot find name 'root_child_0_child_1_child_2_child_1_child_1_child_1'.
temp_debug_refactored_code.ts(611,75): error TS2339: Property 'hydratePaints' does not exist on type 'uefa_cards_4x_procedural_repro'.
temp_debug_refactored_code.ts(612,1): error TS2304: Cannot find name 'root_child_0_child_1_child_2_child_1_child_1_child_1'.
temp_debug_refactored_code.ts(613,1): error TS2304: Cannot find name 'root_child_0_child_1_child_2_child_1_child_1_child_1'.
temp_debug_refactored_code.ts(614,20): error TS2304: Cannot find name 'root_child_0_child_1_child_2_child_1_child_1_child_1'.
temp_debug_refactored_code.ts(614,74): error TS2304: Cannot find name 'root_child_0_child_1_child_2_child_1_child_1_child_1'.
temp_debug_refactored_code.ts(615,21): error TS2304: Cannot find name 'root_child_0_child_1_child_2_child_1_child_1_child_1'.
temp_debug_refactored_code.ts(615,75): error TS2304: Cannot find name 'root_child_0_child_1_child_2_child_1_child_1_child_1'.
temp_debug_refactored_code.ts(616,27): error TS2304: Cannot find name 'root_child_0_child_1_child_2_child_1_child_1_child_1'.
temp_debug_refactored_code.ts(616,81): error TS2304: Cannot find name 'root_child_0_child_1_child_2_child_1_child_1_child_1'.
temp_debug_refactored_code.ts(617,1): error TS2304: Cannot find name 'root_child_0_child_1_child_2_child_1_child_1_child_1'.
temp_debug_refactored_code.ts(618,23): error TS2304: Cannot find name 'root_child_0_child_1_child_2_child_1_child_1_child_1'.
temp_debug_refactored_code.ts(618,77): error TS2304: Cannot find name 'root_child_0_child_1_child_2_child_1_child_1_child_1'.
temp_debug_refactored_code.ts(619,58): error TS2304: Cannot find name 'root_child_0_child_1_child_2_child_1_child_1_child_1'.
temp_debug_refactored_code.ts(621,1): error TS2304: Cannot find name 'root_child_0_child_1_child_2_child_1_child_1_child_1'.
temp_debug_refactored_code.ts(622,1): error TS2304: Cannot find name 'root_child_0_child_1_child_2_child_1_child_1_child_1'.
temp_debug_refactored_code.ts(623,23): error TS2304: Cannot find name 'root_child_0_child_1_child_2_child_1_child_1_child_1'.
temp_debug_refactored_code.ts(626,1): error TS2304: Cannot find name 'root_child_0_child_1_child_2_child_1_child_1_child_2'.
temp_debug_refactored_code.ts(627,1): error TS2304: Cannot find name 'root_child_0_child_1_child_2_child_1_child_1_child_2'.
temp_debug_refactored_code.ts(628,1): error TS2304: Cannot find name 'root_child_0_child_1_child_2_child_1_child_1_child_2'.
temp_debug_refactored_code.ts(629,1): error TS2304: Cannot find name 'root_child_0_child_1_child_2_child_1_child_1_child_2'.
temp_debug_refactored_code.ts(630,20): error TS2304: Cannot find name 'root_child_0_child_1_child_2_child_1_child_1_child_2'.
temp_debug_refactored_code.ts(630,74): error TS2304: Cannot find name 'root_child_0_child_1_child_2_child_1_child_1_child_2'.
temp_debug_refactored_code.ts(631,17): error TS2304: Cannot find name 'root_child_0_child_1_child_2_child_1_child_1_child_2'.
temp_debug_refactored_code.ts(631,71): error TS2304: Cannot find name 'root_child_0_child_1_child_2_child_1_child_1_child_2'.
temp_debug_refactored_code.ts(632,19): error TS2304: Cannot find name 'root_child_0_child_1_child_2_child_1_child_1_child_2'.
temp_debug_refactored_code.ts(632,73): error TS2304: Cannot find name 'root_child_0_child_1_child_2_child_1_child_1_child_2'.
temp_debug_refactored_code.ts(633,1): error TS2304: Cannot find name 'root_child_0_child_1_child_2_child_1_child_1_child_2'.
temp_debug_refactored_code.ts(633,75): error TS2339: Property 'hydratePaints' does not exist on type 'uefa_cards_4x_procedural_repro'.
temp_debug_refactored_code.ts(634,1): error TS2304: Cannot find name 'root_child_0_child_1_child_2_child_1_child_1_child_2'.
temp_debug_refactored_code.ts(635,1): error TS2304: Cannot find name 'root_child_0_child_1_child_2_child_1_child_1_child_2'.
temp_debug_refactored_code.ts(636,20): error TS2304: Cannot find name 'root_child_0_child_1_child_2_child_1_child_1_child_2'.
temp_debug_refactored_code.ts(636,74): error TS2304: Cannot find name 'root_child_0_child_1_child_2_child_1_child_1_child_2'.
temp_debug_refactored_code.ts(637,21): error TS2304: Cannot find name 'root_child_0_child_1_child_2_child_1_child_1_child_2'.
temp_debug_refactored_code.ts(637,75): error TS2304: Cannot find name 'root_child_0_child_1_child_2_child_1_child_1_child_2'.
temp_debug_refactored_code.ts(638,27): error TS2304: Cannot find name 'root_child_0_child_1_child_2_child_1_child_1_child_2'.
temp_debug_refactored_code.ts(638,81): error TS2304: Cannot find name 'root_child_0_child_1_child_2_child_1_child_1_child_2'.
temp_debug_refactored_code.ts(639,1): error TS2304: Cannot find name 'root_child_0_child_1_child_2_child_1_child_1_child_2'.
temp_debug_refactored_code.ts(640,23): error TS2304: Cannot find name 'root_child_0_child_1_child_2_child_1_child_1_child_2'.
temp_debug_refactored_code.ts(640,77): error TS2304: Cannot find name 'root_child_0_child_1_child_2_child_1_child_1_child_2'.
temp_debug_refactored_code.ts(641,58): error TS2304: Cannot find name 'root_child_0_child_1_child_2_child_1_child_1_child_2'.
temp_debug_refactored_code.ts(643,1): error TS2304: Cannot find name 'root_child_0_child_1_child_2_child_1_child_1_child_2'.
temp_debug_refactored_code.ts(644,1): error TS2304: Cannot find name 'root_child_0_child_1_child_2_child_1_child_1_child_2'.
temp_debug_refactored_code.ts(645,23): error TS2304: Cannot find name 'root_child_0_child_1_child_2_child_1_child_1_child_2'.
temp_debug_refactored_code.ts(648,1): error TS2304: Cannot find name 'root_child_0_child_1_child_2_child_1_child_1_child_3'.
temp_debug_refactored_code.ts(649,1): error TS2304: Cannot find name 'root_child_0_child_1_child_2_child_1_child_1_child_3'.
temp_debug_refactored_code.ts(650,1): error TS2304: Cannot find name 'root_child_0_child_1_child_2_child_1_child_1_child_3'.
temp_debug_refactored_code.ts(651,1): error TS2304: Cannot find name 'root_child_0_child_1_child_2_child_1_child_1_child_3'.
temp_debug_refactored_code.ts(652,20): error TS2304: Cannot find name 'root_child_0_child_1_child_2_child_1_child_1_child_3'.
temp_debug_refactored_code.ts(652,74): error TS2304: Cannot find name 'root_child_0_child_1_child_2_child_1_child_1_child_3'.
temp_debug_refactored_code.ts(653,17): error TS2304: Cannot find name 'root_child_0_child_1_child_2_child_1_child_1_child_3'.
temp_debug_refactored_code.ts(653,71): error TS2304: Cannot find name 'root_child_0_child_1_child_2_child_1_child_1_child_3'.
temp_debug_refactored_code.ts(654,19): error TS2304: Cannot find name 'root_child_0_child_1_child_2_child_1_child_1_child_3'.
temp_debug_refactored_code.ts(654,73): error TS2304: Cannot find name 'root_child_0_child_1_child_2_child_1_child_1_child_3'.
temp_debug_refactored_code.ts(655,1): error TS2304: Cannot find name 'root_child_0_child_1_child_2_child_1_child_1_child_3'.
temp_debug_refactored_code.ts(655,75): error TS2339: Property 'hydratePaints' does not exist on type 'uefa_cards_4x_procedural_repro'.
temp_debug_refactored_code.ts(656,1): error TS2304: Cannot find name 'root_child_0_child_1_child_2_child_1_child_1_child_3'.
temp_debug_refactored_code.ts(657,1): error TS2304: Cannot find name 'root_child_0_child_1_child_2_child_1_child_1_child_3'.
temp_debug_refactored_code.ts(658,20): error TS2304: Cannot find name 'root_child_0_child_1_child_2_child_1_child_1_child_3'.
temp_debug_refactored_code.ts(658,74): error TS2304: Cannot find name 'root_child_0_child_1_child_2_child_1_child_1_child_3'.
temp_debug_refactored_code.ts(659,21): error TS2304: Cannot find name 'root_child_0_child_1_child_2_child_1_child_1_child_3'.
temp_debug_refactored_code.ts(659,75): error TS2304: Cannot find name 'root_child_0_child_1_child_2_child_1_child_1_child_3'.
temp_debug_refactored_code.ts(660,27): error TS2304: Cannot find name 'root_child_0_child_1_child_2_child_1_child_1_child_3'.
temp_debug_refactored_code.ts(660,81): error TS2304: Cannot find name 'root_child_0_child_1_child_2_child_1_child_1_child_3'.
temp_debug_refactored_code.ts(661,1): error TS2304: Cannot find name 'root_child_0_child_1_child_2_child_1_child_1_child_3'.
temp_debug_refactored_code.ts(662,23): error TS2304: Cannot find name 'root_child_0_child_1_child_2_child_1_child_1_child_3'.
temp_debug_refactored_code.ts(662,77): error TS2304: Cannot find name 'root_child_0_child_1_child_2_child_1_child_1_child_3'.
temp_debug_refactored_code.ts(663,58): error TS2304: Cannot find name 'root_child_0_child_1_child_2_child_1_child_1_child_3'.
temp_debug_refactored_code.ts(665,1): error TS2304: Cannot find name 'root_child_0_child_1_child_2_child_1_child_1_child_3'.
temp_debug_refactored_code.ts(666,1): error TS2304: Cannot find name 'root_child_0_child_1_child_2_child_1_child_1_child_3'.
temp_debug_refactored_code.ts(667,23): error TS2304: Cannot find name 'root_child_0_child_1_child_2_child_1_child_1_child_3'.
temp_debug_refactored_code.ts(670,1): error TS2304: Cannot find name 'root_child_0_child_1_child_2_child_1_child_1_child_4'.
temp_debug_refactored_code.ts(671,1): error TS2304: Cannot find name 'root_child_0_child_1_child_2_child_1_child_1_child_4'.
temp_debug_refactored_code.ts(672,1): error TS2304: Cannot find name 'root_child_0_child_1_child_2_child_1_child_1_child_4'.
temp_debug_refactored_code.ts(673,1): error TS2304: Cannot find name 'root_child_0_child_1_child_2_child_1_child_1_child_4'.
temp_debug_refactored_code.ts(674,20): error TS2304: Cannot find name 'root_child_0_child_1_child_2_child_1_child_1_child_4'.
temp_debug_refactored_code.ts(674,74): error TS2304: Cannot find name 'root_child_0_child_1_child_2_child_1_child_1_child_4'.
temp_debug_refactored_code.ts(675,17): error TS2304: Cannot find name 'root_child_0_child_1_child_2_child_1_child_1_child_4'.
temp_debug_refactored_code.ts(675,71): error TS2304: Cannot find name 'root_child_0_child_1_child_2_child_1_child_1_child_4'.
temp_debug_refactored_code.ts(676,19): error TS2304: Cannot find name 'root_child_0_child_1_child_2_child_1_child_1_child_4'.
temp_debug_refactored_code.ts(676,73): error TS2304: Cannot find name 'root_child_0_child_1_child_2_child_1_child_1_child_4'.
temp_debug_refactored_code.ts(677,1): error TS2304: Cannot find name 'root_child_0_child_1_child_2_child_1_child_1_child_4'.
temp_debug_refactored_code.ts(677,75): error TS2339: Property 'hydratePaints' does not exist on type 'uefa_cards_4x_procedural_repro'.
temp_debug_refactored_code.ts(678,1): error TS2304: Cannot find name 'root_child_0_child_1_child_2_child_1_child_1_child_4'.
temp_debug_refactored_code.ts(679,1): error TS2304: Cannot find name 'root_child_0_child_1_child_2_child_1_child_1_child_4'.
temp_debug_refactored_code.ts(680,20): error TS2304: Cannot find name 'root_child_0_child_1_child_2_child_1_child_1_child_4'.
temp_debug_refactored_code.ts(680,74): error TS2304: Cannot find name 'root_child_0_child_1_child_2_child_1_child_1_child_4'.
temp_debug_refactored_code.ts(681,21): error TS2304: Cannot find name 'root_child_0_child_1_child_2_child_1_child_1_child_4'.
temp_debug_refactored_code.ts(681,75): error TS2304: Cannot find name 'root_child_0_child_1_child_2_child_1_child_1_child_4'.
temp_debug_refactored_code.ts(682,27): error TS2304: Cannot find name 'root_child_0_child_1_child_2_child_1_child_1_child_4'.
temp_debug_refactored_code.ts(682,81): error TS2304: Cannot find name 'root_child_0_child_1_child_2_child_1_child_1_child_4'.
temp_debug_refactored_code.ts(683,1): error TS2304: Cannot find name 'root_child_0_child_1_child_2_child_1_child_1_child_4'.
temp_debug_refactored_code.ts(684,23): error TS2304: Cannot find name 'root_child_0_child_1_child_2_child_1_child_1_child_4'.
temp_debug_refactored_code.ts(684,77): error TS2304: Cannot find name 'root_child_0_child_1_child_2_child_1_child_1_child_4'.
temp_debug_refactored_code.ts(685,58): error TS2304: Cannot find name 'root_child_0_child_1_child_2_child_1_child_1_child_4'.
temp_debug_refactored_code.ts(687,1): error TS2304: Cannot find name 'root_child_0_child_1_child_2_child_1_child_1_child_4'.
temp_debug_refactored_code.ts(688,1): error TS2304: Cannot find name 'root_child_0_child_1_child_2_child_1_child_1_child_4'.
temp_debug_refactored_code.ts(689,23): error TS2304: Cannot find name 'root_child_0_child_1_child_2_child_1_child_1_child_4'.
temp_debug_refactored_code.ts(740,33): error TS2339: Property 'hydratePaints' does not exist on type 'uefa_cards_4x_procedural_repro'.
temp_debug_refactored_code.ts(741,35): error TS2339: Property 'hydratePaints' does not exist on type 'uefa_cards_4x_procedural_repro'.
temp_debug_refactored_code.ts(767,41): error TS2339: Property 'hydratePaints' does not exist on type 'uefa_cards_4x_procedural_repro'.
temp_debug_refactored_code.ts(768,43): error TS2339: Property 'hydratePaints' does not exist on type 'uefa_cards_4x_procedural_repro'.
temp_debug_refactored_code.ts(810,41): error TS2339: Property 'hydratePaints' does not exist on type 'uefa_cards_4x_procedural_repro'.
temp_debug_refactored_code.ts(811,43): error TS2339: Property 'hydratePaints' does not exist on type 'uefa_cards_4x_procedural_repro'.
temp_debug_refactored_code.ts(833,49): error TS2339: Property 'hydratePaints' does not exist on type 'uefa_cards_4x_procedural_repro'.
temp_debug_refactored_code.ts(834,51): error TS2339: Property 'hydratePaints' does not exist on type 'uefa_cards_4x_procedural_repro'.
temp_debug_refactored_code.ts(853,12): error TS2339: Property 'setFont' does not exist on type 'uefa_cards_4x_procedural_repro'.
temp_debug_refactored_code.ts(855,12): error TS2339: Property 'setRangeFont' does not exist on type 'uefa_cards_4x_procedural_repro'.
temp_debug_refactored_code.ts(873,49): error TS2339: Property 'hydratePaints' does not exist on type 'uefa_cards_4x_procedural_repro'.
temp_debug_refactored_code.ts(874,51): error TS2339: Property 'hydratePaints' does not exist on type 'uefa_cards_4x_procedural_repro'.
temp_debug_refactored_code.ts(893,12): error TS2339: Property 'setFont' does not exist on type 'uefa_cards_4x_procedural_repro'.
temp_debug_refactored_code.ts(895,12): error TS2339: Property 'setRangeFont' does not exist on type 'uefa_cards_4x_procedural_repro'.
temp_debug_refactored_code.ts(928,49): error TS2339: Property 'hydratePaints' does not exist on type 'uefa_cards_4x_procedural_repro'.
temp_debug_refactored_code.ts(929,51): error TS2339: Property 'hydratePaints' does not exist on type 'uefa_cards_4x_procedural_repro'.
temp_debug_refactored_code.ts(966,57): error TS2339: Property 'hydratePaints' does not exist on type 'uefa_cards_4x_procedural_repro'.
temp_debug_refactored_code.ts(967,59): error TS2339: Property 'hydratePaints' does not exist on type 'uefa_cards_4x_procedural_repro'.
temp_debug_refactored_code.ts(989,65): error TS2339: Property 'hydratePaints' does not exist on type 'uefa_cards_4x_procedural_repro'.
temp_debug_refactored_code.ts(990,67): error TS2339: Property 'hydratePaints' does not exist on type 'uefa_cards_4x_procedural_repro'.
temp_debug_refactored_code.ts(1009,12): error TS2339: Property 'setFont' does not exist on type 'uefa_cards_4x_procedural_repro'.
temp_debug_refactored_code.ts(1011,12): error TS2339: Property 'setRangeFont' does not exist on type 'uefa_cards_4x_procedural_repro'.
temp_debug_refactored_code.ts(1029,65): error TS2339: Property 'hydratePaints' does not exist on type 'uefa_cards_4x_procedural_repro'.
temp_debug_refactored_code.ts(1030,67): error TS2339: Property 'hydratePaints' does not exist on type 'uefa_cards_4x_procedural_repro'.
temp_debug_refactored_code.ts(1049,12): error TS2339: Property 'setFont' does not exist on type 'uefa_cards_4x_procedural_repro'.
temp_debug_refactored_code.ts(1051,12): error TS2339: Property 'setRangeFont' does not exist on type 'uefa_cards_4x_procedural_repro'.
temp_debug_refactored_code.ts(1089,57): error TS2339: Property 'hydratePaints' does not exist on type 'uefa_cards_4x_procedural_repro'.
temp_debug_refactored_code.ts(1090,59): error TS2339: Property 'hydratePaints' does not exist on type 'uefa_cards_4x_procedural_repro'.
temp_debug_refactored_code.ts(1112,65): error TS2339: Property 'hydratePaints' does not exist on type 'uefa_cards_4x_procedural_repro'.
temp_debug_refactored_code.ts(1113,67): error TS2339: Property 'hydratePaints' does not exist on type 'uefa_cards_4x_procedural_repro'.
temp_debug_refactored_code.ts(1132,12): error TS2339: Property 'setFont' does not exist on type 'uefa_cards_4x_procedural_repro'.
temp_debug_refactored_code.ts(1134,12): error TS2339: Property 'setRangeFont' does not exist on type 'uefa_cards_4x_procedural_repro'.
temp_debug_refactored_code.ts(1167,65): error TS2339: Property 'hydratePaints' does not exist on type 'uefa_cards_4x_procedural_repro'.
temp_debug_refactored_code.ts(1168,67): error TS2339: Property 'hydratePaints' does not exist on type 'uefa_cards_4x_procedural_repro'.
temp_debug_refactored_code.ts(1182,1): error TS2304: Cannot find name 'root_child_1_child_1_child_2_child_1_child_1_child_0'.
temp_debug_refactored_code.ts(1183,1): error TS2304: Cannot find name 'root_child_1_child_1_child_2_child_1_child_1_child_0'.
temp_debug_refactored_code.ts(1184,1): error TS2304: Cannot find name 'root_child_1_child_1_child_2_child_1_child_1_child_0'.
temp_debug_refactored_code.ts(1185,1): error TS2304: Cannot find name 'root_child_1_child_1_child_2_child_1_child_1_child_0'.
temp_debug_refactored_code.ts(1186,20): error TS2304: Cannot find name 'root_child_1_child_1_child_2_child_1_child_1_child_0'.
temp_debug_refactored_code.ts(1186,74): error TS2304: Cannot find name 'root_child_1_child_1_child_2_child_1_child_1_child_0'.
temp_debug_refactored_code.ts(1187,17): error TS2304: Cannot find name 'root_child_1_child_1_child_2_child_1_child_1_child_0'.
temp_debug_refactored_code.ts(1187,71): error TS2304: Cannot find name 'root_child_1_child_1_child_2_child_1_child_1_child_0'.
temp_debug_refactored_code.ts(1188,19): error TS2304: Cannot find name 'root_child_1_child_1_child_2_child_1_child_1_child_0'.
temp_debug_refactored_code.ts(1188,73): error TS2304: Cannot find name 'root_child_1_child_1_child_2_child_1_child_1_child_0'.
temp_debug_refactored_code.ts(1189,1): error TS2304: Cannot find name 'root_child_1_child_1_child_2_child_1_child_1_child_0'.
temp_debug_refactored_code.ts(1189,75): error TS2339: Property 'hydratePaints' does not exist on type 'uefa_cards_4x_procedural_repro'.
temp_debug_refactored_code.ts(1190,1): error TS2304: Cannot find name 'root_child_1_child_1_child_2_child_1_child_1_child_0'.
temp_debug_refactored_code.ts(1191,1): error TS2304: Cannot find name 'root_child_1_child_1_child_2_child_1_child_1_child_0'.
temp_debug_refactored_code.ts(1192,20): error TS2304: Cannot find name 'root_child_1_child_1_child_2_child_1_child_1_child_0'.
temp_debug_refactored_code.ts(1192,74): error TS2304: Cannot find name 'root_child_1_child_1_child_2_child_1_child_1_child_0'.
temp_debug_refactored_code.ts(1193,21): error TS2304: Cannot find name 'root_child_1_child_1_child_2_child_1_child_1_child_0'.
temp_debug_refactored_code.ts(1193,75): error TS2304: Cannot find name 'root_child_1_child_1_child_2_child_1_child_1_child_0'.
temp_debug_refactored_code.ts(1194,27): error TS2304: Cannot find name 'root_child_1_child_1_child_2_child_1_child_1_child_0'.
temp_debug_refactored_code.ts(1194,81): error TS2304: Cannot find name 'root_child_1_child_1_child_2_child_1_child_1_child_0'.
temp_debug_refactored_code.ts(1195,1): error TS2304: Cannot find name 'root_child_1_child_1_child_2_child_1_child_1_child_0'.
temp_debug_refactored_code.ts(1196,23): error TS2304: Cannot find name 'root_child_1_child_1_child_2_child_1_child_1_child_0'.
temp_debug_refactored_code.ts(1196,77): error TS2304: Cannot find name 'root_child_1_child_1_child_2_child_1_child_1_child_0'.
temp_debug_refactored_code.ts(1197,58): error TS2304: Cannot find name 'root_child_1_child_1_child_2_child_1_child_1_child_0'.
temp_debug_refactored_code.ts(1199,1): error TS2304: Cannot find name 'root_child_1_child_1_child_2_child_1_child_1_child_0'.
temp_debug_refactored_code.ts(1200,1): error TS2304: Cannot find name 'root_child_1_child_1_child_2_child_1_child_1_child_0'.
temp_debug_refactored_code.ts(1201,23): error TS2304: Cannot find name 'root_child_1_child_1_child_2_child_1_child_1_child_0'.
temp_debug_refactored_code.ts(1204,1): error TS2304: Cannot find name 'root_child_1_child_1_child_2_child_1_child_1_child_1'.
temp_debug_refactored_code.ts(1205,1): error TS2304: Cannot find name 'root_child_1_child_1_child_2_child_1_child_1_child_1'.
temp_debug_refactored_code.ts(1206,1): error TS2304: Cannot find name 'root_child_1_child_1_child_2_child_1_child_1_child_1'.
temp_debug_refactored_code.ts(1207,1): error TS2304: Cannot find name 'root_child_1_child_1_child_2_child_1_child_1_child_1'.
temp_debug_refactored_code.ts(1208,20): error TS2304: Cannot find name 'root_child_1_child_1_child_2_child_1_child_1_child_1'.
temp_debug_refactored_code.ts(1208,74): error TS2304: Cannot find name 'root_child_1_child_1_child_2_child_1_child_1_child_1'.
temp_debug_refactored_code.ts(1209,17): error TS2304: Cannot find name 'root_child_1_child_1_child_2_child_1_child_1_child_1'.
temp_debug_refactored_code.ts(1209,71): error TS2304: Cannot find name 'root_child_1_child_1_child_2_child_1_child_1_child_1'.
temp_debug_refactored_code.ts(1210,19): error TS2304: Cannot find name 'root_child_1_child_1_child_2_child_1_child_1_child_1'.
temp_debug_refactored_code.ts(1210,73): error TS2304: Cannot find name 'root_child_1_child_1_child_2_child_1_child_1_child_1'.
temp_debug_refactored_code.ts(1211,1): error TS2304: Cannot find name 'root_child_1_child_1_child_2_child_1_child_1_child_1'.
temp_debug_refactored_code.ts(1211,75): error TS2339: Property 'hydratePaints' does not exist on type 'uefa_cards_4x_procedural_repro'.
temp_debug_refactored_code.ts(1212,1): error TS2304: Cannot find name 'root_child_1_child_1_child_2_child_1_child_1_child_1'.
temp_debug_refactored_code.ts(1213,1): error TS2304: Cannot find name 'root_child_1_child_1_child_2_child_1_child_1_child_1'.
temp_debug_refactored_code.ts(1214,20): error TS2304: Cannot find name 'root_child_1_child_1_child_2_child_1_child_1_child_1'.
temp_debug_refactored_code.ts(1214,74): error TS2304: Cannot find name 'root_child_1_child_1_child_2_child_1_child_1_child_1'.
temp_debug_refactored_code.ts(1215,21): error TS2304: Cannot find name 'root_child_1_child_1_child_2_child_1_child_1_child_1'.
temp_debug_refactored_code.ts(1215,75): error TS2304: Cannot find name 'root_child_1_child_1_child_2_child_1_child_1_child_1'.
temp_debug_refactored_code.ts(1216,27): error TS2304: Cannot find name 'root_child_1_child_1_child_2_child_1_child_1_child_1'.
temp_debug_refactored_code.ts(1216,81): error TS2304: Cannot find name 'root_child_1_child_1_child_2_child_1_child_1_child_1'.
temp_debug_refactored_code.ts(1217,1): error TS2304: Cannot find name 'root_child_1_child_1_child_2_child_1_child_1_child_1'.
temp_debug_refactored_code.ts(1218,23): error TS2304: Cannot find name 'root_child_1_child_1_child_2_child_1_child_1_child_1'.
temp_debug_refactored_code.ts(1218,77): error TS2304: Cannot find name 'root_child_1_child_1_child_2_child_1_child_1_child_1'.
temp_debug_refactored_code.ts(1219,58): error TS2304: Cannot find name 'root_child_1_child_1_child_2_child_1_child_1_child_1'.
temp_debug_refactored_code.ts(1221,1): error TS2304: Cannot find name 'root_child_1_child_1_child_2_child_1_child_1_child_1'.
temp_debug_refactored_code.ts(1222,1): error TS2304: Cannot find name 'root_child_1_child_1_child_2_child_1_child_1_child_1'.
temp_debug_refactored_code.ts(1223,23): error TS2304: Cannot find name 'root_child_1_child_1_child_2_child_1_child_1_child_1'.
temp_debug_refactored_code.ts(1226,1): error TS2304: Cannot find name 'root_child_1_child_1_child_2_child_1_child_1_child_2'.
temp_debug_refactored_code.ts(1227,1): error TS2304: Cannot find name 'root_child_1_child_1_child_2_child_1_child_1_child_2'.
temp_debug_refactored_code.ts(1228,1): error TS2304: Cannot find name 'root_child_1_child_1_child_2_child_1_child_1_child_2'.
temp_debug_refactored_code.ts(1229,1): error TS2304: Cannot find name 'root_child_1_child_1_child_2_child_1_child_1_child_2'.
temp_debug_refactored_code.ts(1230,20): error TS2304: Cannot find name 'root_child_1_child_1_child_2_child_1_child_1_child_2'.
temp_debug_refactored_code.ts(1230,74): error TS2304: Cannot find name 'root_child_1_child_1_child_2_child_1_child_1_child_2'.
temp_debug_refactored_code.ts(1231,17): error TS2304: Cannot find name 'root_child_1_child_1_child_2_child_1_child_1_child_2'.
temp_debug_refactored_code.ts(1231,71): error TS2304: Cannot find name 'root_child_1_child_1_child_2_child_1_child_1_child_2'.
temp_debug_refactored_code.ts(1232,19): error TS2304: Cannot find name 'root_child_1_child_1_child_2_child_1_child_1_child_2'.
temp_debug_refactored_code.ts(1232,73): error TS2304: Cannot find name 'root_child_1_child_1_child_2_child_1_child_1_child_2'.
temp_debug_refactored_code.ts(1233,1): error TS2304: Cannot find name 'root_child_1_child_1_child_2_child_1_child_1_child_2'.
temp_debug_refactored_code.ts(1233,75): error TS2339: Property 'hydratePaints' does not exist on type 'uefa_cards_4x_procedural_repro'.
temp_debug_refactored_code.ts(1234,1): error TS2304: Cannot find name 'root_child_1_child_1_child_2_child_1_child_1_child_2'.
temp_debug_refactored_code.ts(1235,1): error TS2304: Cannot find name 'root_child_1_child_1_child_2_child_1_child_1_child_2'.
temp_debug_refactored_code.ts(1236,20): error TS2304: Cannot find name 'root_child_1_child_1_child_2_child_1_child_1_child_2'.
temp_debug_refactored_code.ts(1236,74): error TS2304: Cannot find name 'root_child_1_child_1_child_2_child_1_child_1_child_2'.
temp_debug_refactored_code.ts(1237,21): error TS2304: Cannot find name 'root_child_1_child_1_child_2_child_1_child_1_child_2'.
temp_debug_refactored_code.ts(1237,75): error TS2304: Cannot find name 'root_child_1_child_1_child_2_child_1_child_1_child_2'.
temp_debug_refactored_code.ts(1238,27): error TS2304: Cannot find name 'root_child_1_child_1_child_2_child_1_child_1_child_2'.
temp_debug_refactored_code.ts(1238,81): error TS2304: Cannot find name 'root_child_1_child_1_child_2_child_1_child_1_child_2'.
temp_debug_refactored_code.ts(1239,1): error TS2304: Cannot find name 'root_child_1_child_1_child_2_child_1_child_1_child_2'.
temp_debug_refactored_code.ts(1240,23): error TS2304: Cannot find name 'root_child_1_child_1_child_2_child_1_child_1_child_2'.
temp_debug_refactored_code.ts(1240,77): error TS2304: Cannot find name 'root_child_1_child_1_child_2_child_1_child_1_child_2'.
temp_debug_refactored_code.ts(1241,58): error TS2304: Cannot find name 'root_child_1_child_1_child_2_child_1_child_1_child_2'.
temp_debug_refactored_code.ts(1243,1): error TS2304: Cannot find name 'root_child_1_child_1_child_2_child_1_child_1_child_2'.
temp_debug_refactored_code.ts(1244,1): error TS2304: Cannot find name 'root_child_1_child_1_child_2_child_1_child_1_child_2'.
temp_debug_refactored_code.ts(1245,23): error TS2304: Cannot find name 'root_child_1_child_1_child_2_child_1_child_1_child_2'.
temp_debug_refactored_code.ts(1248,1): error TS2304: Cannot find name 'root_child_1_child_1_child_2_child_1_child_1_child_3'.
temp_debug_refactored_code.ts(1249,1): error TS2304: Cannot find name 'root_child_1_child_1_child_2_child_1_child_1_child_3'.
temp_debug_refactored_code.ts(1250,1): error TS2304: Cannot find name 'root_child_1_child_1_child_2_child_1_child_1_child_3'.
temp_debug_refactored_code.ts(1251,1): error TS2304: Cannot find name 'root_child_1_child_1_child_2_child_1_child_1_child_3'.
temp_debug_refactored_code.ts(1252,20): error TS2304: Cannot find name 'root_child_1_child_1_child_2_child_1_child_1_child_3'.
temp_debug_refactored_code.ts(1252,74): error TS2304: Cannot find name 'root_child_1_child_1_child_2_child_1_child_1_child_3'.
temp_debug_refactored_code.ts(1253,17): error TS2304: Cannot find name 'root_child_1_child_1_child_2_child_1_child_1_child_3'.
temp_debug_refactored_code.ts(1253,71): error TS2304: Cannot find name 'root_child_1_child_1_child_2_child_1_child_1_child_3'.
temp_debug_refactored_code.ts(1254,19): error TS2304: Cannot find name 'root_child_1_child_1_child_2_child_1_child_1_child_3'.
temp_debug_refactored_code.ts(1254,73): error TS2304: Cannot find name 'root_child_1_child_1_child_2_child_1_child_1_child_3'.
temp_debug_refactored_code.ts(1255,1): error TS2304: Cannot find name 'root_child_1_child_1_child_2_child_1_child_1_child_3'.
temp_debug_refactored_code.ts(1255,75): error TS2339: Property 'hydratePaints' does not exist on type 'uefa_cards_4x_procedural_repro'.
temp_debug_refactored_code.ts(1256,1): error TS2304: Cannot find name 'root_child_1_child_1_child_2_child_1_child_1_child_3'.
temp_debug_refactored_code.ts(1257,1): error TS2304: Cannot find name 'root_child_1_child_1_child_2_child_1_child_1_child_3'.
temp_debug_refactored_code.ts(1258,20): error TS2304: Cannot find name 'root_child_1_child_1_child_2_child_1_child_1_child_3'.
temp_debug_refactored_code.ts(1258,74): error TS2304: Cannot find name 'root_child_1_child_1_child_2_child_1_child_1_child_3'.
temp_debug_refactored_code.ts(1259,21): error TS2304: Cannot find name 'root_child_1_child_1_child_2_child_1_child_1_child_3'.
temp_debug_refactored_code.ts(1259,75): error TS2304: Cannot find name 'root_child_1_child_1_child_2_child_1_child_1_child_3'.
temp_debug_refactored_code.ts(1260,27): error TS2304: Cannot find name 'root_child_1_child_1_child_2_child_1_child_1_child_3'.
temp_debug_refactored_code.ts(1260,81): error TS2304: Cannot find name 'root_child_1_child_1_child_2_child_1_child_1_child_3'.
temp_debug_refactored_code.ts(1261,1): error TS2304: Cannot find name 'root_child_1_child_1_child_2_child_1_child_1_child_3'.
temp_debug_refactored_code.ts(1262,23): error TS2304: Cannot find name 'root_child_1_child_1_child_2_child_1_child_1_child_3'.
temp_debug_refactored_code.ts(1262,77): error TS2304: Cannot find name 'root_child_1_child_1_child_2_child_1_child_1_child_3'.
temp_debug_refactored_code.ts(1263,58): error TS2304: Cannot find name 'root_child_1_child_1_child_2_child_1_child_1_child_3'.
temp_debug_refactored_code.ts(1265,1): error TS2304: Cannot find name 'root_child_1_child_1_child_2_child_1_child_1_child_3'.
temp_debug_refactored_code.ts(1266,1): error TS2304: Cannot find name 'root_child_1_child_1_child_2_child_1_child_1_child_3'.
temp_debug_refactored_code.ts(1267,23): error TS2304: Cannot find name 'root_child_1_child_1_child_2_child_1_child_1_child_3'.
temp_debug_refactored_code.ts(1270,1): error TS2304: Cannot find name 'root_child_1_child_1_child_2_child_1_child_1_child_4'.
temp_debug_refactored_code.ts(1271,1): error TS2304: Cannot find name 'root_child_1_child_1_child_2_child_1_child_1_child_4'.
temp_debug_refactored_code.ts(1272,1): error TS2304: Cannot find name 'root_child_1_child_1_child_2_child_1_child_1_child_4'.
temp_debug_refactored_code.ts(1273,1): error TS2304: Cannot find name 'root_child_1_child_1_child_2_child_1_child_1_child_4'.
temp_debug_refactored_code.ts(1274,20): error TS2304: Cannot find name 'root_child_1_child_1_child_2_child_1_child_1_child_4'.
temp_debug_refactored_code.ts(1274,74): error TS2304: Cannot find name 'root_child_1_child_1_child_2_child_1_child_1_child_4'.
temp_debug_refactored_code.ts(1275,17): error TS2304: Cannot find name 'root_child_1_child_1_child_2_child_1_child_1_child_4'.
temp_debug_refactored_code.ts(1275,71): error TS2304: Cannot find name 'root_child_1_child_1_child_2_child_1_child_1_child_4'.
temp_debug_refactored_code.ts(1276,19): error TS2304: Cannot find name 'root_child_1_child_1_child_2_child_1_child_1_child_4'.
temp_debug_refactored_code.ts(1276,73): error TS2304: Cannot find name 'root_child_1_child_1_child_2_child_1_child_1_child_4'.
temp_debug_refactored_code.ts(1277,1): error TS2304: Cannot find name 'root_child_1_child_1_child_2_child_1_child_1_child_4'.
temp_debug_refactored_code.ts(1277,75): error TS2339: Property 'hydratePaints' does not exist on type 'uefa_cards_4x_procedural_repro'.
temp_debug_refactored_code.ts(1278,1): error TS2304: Cannot find name 'root_child_1_child_1_child_2_child_1_child_1_child_4'.
temp_debug_refactored_code.ts(1279,1): error TS2304: Cannot find name 'root_child_1_child_1_child_2_child_1_child_1_child_4'.
temp_debug_refactored_code.ts(1280,20): error TS2304: Cannot find name 'root_child_1_child_1_child_2_child_1_child_1_child_4'.
temp_debug_refactored_code.ts(1280,74): error TS2304: Cannot find name 'root_child_1_child_1_child_2_child_1_child_1_child_4'.
temp_debug_refactored_code.ts(1281,21): error TS2304: Cannot find name 'root_child_1_child_1_child_2_child_1_child_1_child_4'.
temp_debug_refactored_code.ts(1281,75): error TS2304: Cannot find name 'root_child_1_child_1_child_2_child_1_child_1_child_4'.
temp_debug_refactored_code.ts(1282,27): error TS2304: Cannot find name 'root_child_1_child_1_child_2_child_1_child_1_child_4'.
temp_debug_refactored_code.ts(1282,81): error TS2304: Cannot find name 'root_child_1_child_1_child_2_child_1_child_1_child_4'.
temp_debug_refactored_code.ts(1283,1): error TS2304: Cannot find name 'root_child_1_child_1_child_2_child_1_child_1_child_4'.
temp_debug_refactored_code.ts(1284,23): error TS2304: Cannot find name 'root_child_1_child_1_child_2_child_1_child_1_child_4'.
temp_debug_refactored_code.ts(1284,77): error TS2304: Cannot find name 'root_child_1_child_1_child_2_child_1_child_1_child_4'.
temp_debug_refactored_code.ts(1285,58): error TS2304: Cannot find name 'root_child_1_child_1_child_2_child_1_child_1_child_4'.
temp_debug_refactored_code.ts(1287,1): error TS2304: Cannot find name 'root_child_1_child_1_child_2_child_1_child_1_child_4'.
temp_debug_refactored_code.ts(1288,1): error TS2304: Cannot find name 'root_child_1_child_1_child_2_child_1_child_1_child_4'.
temp_debug_refactored_code.ts(1289,23): error TS2304: Cannot find name 'root_child_1_child_1_child_2_child_1_child_1_child_4'.
temp_debug_refactored_code.ts(1340,33): error TS2339: Property 'hydratePaints' does not exist on type 'uefa_cards_4x_procedural_repro'.
temp_debug_refactored_code.ts(1341,35): error TS2339: Property 'hydratePaints' does not exist on type 'uefa_cards_4x_procedural_repro'.
temp_debug_refactored_code.ts(1367,41): error TS2339: Property 'hydratePaints' does not exist on type 'uefa_cards_4x_procedural_repro'.
temp_debug_refactored_code.ts(1368,43): error TS2339: Property 'hydratePaints' does not exist on type 'uefa_cards_4x_procedural_repro'.
temp_debug_refactored_code.ts(1382,1): error TS2304: Cannot find name 'root_child_2_child_0_child_0'.
temp_debug_refactored_code.ts(1383,1): error TS2304: Cannot find name 'root_child_2_child_0_child_0'.
temp_debug_refactored_code.ts(1384,1): error TS2304: Cannot find name 'root_child_2_child_0_child_0'.
temp_debug_refactored_code.ts(1385,1): error TS2304: Cannot find name 'root_child_2_child_0_child_0'.
temp_debug_refactored_code.ts(1386,20): error TS2304: Cannot find name 'root_child_2_child_0_child_0'.
temp_debug_refactored_code.ts(1386,50): error TS2304: Cannot find name 'root_child_2_child_0_child_0'.
temp_debug_refactored_code.ts(1387,17): error TS2304: Cannot find name 'root_child_2_child_0_child_0'.
temp_debug_refactored_code.ts(1387,47): error TS2304: Cannot find name 'root_child_2_child_0_child_0'.
temp_debug_refactored_code.ts(1388,19): error TS2304: Cannot find name 'root_child_2_child_0_child_0'.
temp_debug_refactored_code.ts(1388,49): error TS2304: Cannot find name 'root_child_2_child_0_child_0'.
temp_debug_refactored_code.ts(1389,1): error TS2304: Cannot find name 'root_child_2_child_0_child_0'.
temp_debug_refactored_code.ts(1389,51): error TS2339: Property 'hydratePaints' does not exist on type 'uefa_cards_4x_procedural_repro'.
temp_debug_refactored_code.ts(1390,1): error TS2304: Cannot find name 'root_child_2_child_0_child_0'.
temp_debug_refactored_code.ts(1391,1): error TS2304: Cannot find name 'root_child_2_child_0_child_0'.
temp_debug_refactored_code.ts(1392,20): error TS2304: Cannot find name 'root_child_2_child_0_child_0'.
temp_debug_refactored_code.ts(1392,50): error TS2304: Cannot find name 'root_child_2_child_0_child_0'.
temp_debug_refactored_code.ts(1393,21): error TS2304: Cannot find name 'root_child_2_child_0_child_0'.
temp_debug_refactored_code.ts(1393,51): error TS2304: Cannot find name 'root_child_2_child_0_child_0'.
temp_debug_refactored_code.ts(1394,27): error TS2304: Cannot find name 'root_child_2_child_0_child_0'.
temp_debug_refactored_code.ts(1394,57): error TS2304: Cannot find name 'root_child_2_child_0_child_0'.
temp_debug_refactored_code.ts(1395,1): error TS2304: Cannot find name 'root_child_2_child_0_child_0'.
temp_debug_refactored_code.ts(1396,23): error TS2304: Cannot find name 'root_child_2_child_0_child_0'.
temp_debug_refactored_code.ts(1396,53): error TS2304: Cannot find name 'root_child_2_child_0_child_0'.
temp_debug_refactored_code.ts(1397,34): error TS2304: Cannot find name 'root_child_2_child_0_child_0'.
temp_debug_refactored_code.ts(1398,23): error TS2304: Cannot find name 'root_child_2_child_0_child_0'.
temp_debug_refactored_code.ts(1399,1): error TS2304: Cannot find name 'root_child_2_child_0_child_0'.
temp_debug_refactored_code.ts(1400,1): error TS2304: Cannot find name 'root_child_2_child_0_child_0'.
temp_debug_refactored_code.ts(1431,41): error TS2339: Property 'hydratePaints' does not exist on type 'uefa_cards_4x_procedural_repro'.
temp_debug_refactored_code.ts(1432,43): error TS2339: Property 'hydratePaints' does not exist on type 'uefa_cards_4x_procedural_repro'.
temp_debug_refactored_code.ts(1454,49): error TS2339: Property 'hydratePaints' does not exist on type 'uefa_cards_4x_procedural_repro'.
temp_debug_refactored_code.ts(1455,51): error TS2339: Property 'hydratePaints' does not exist on type 'uefa_cards_4x_procedural_repro'.
temp_debug_refactored_code.ts(1474,12): error TS2339: Property 'setFont' does not exist on type 'uefa_cards_4x_procedural_repro'.
temp_debug_refactored_code.ts(1476,12): error TS2339: Property 'setRangeFont' does not exist on type 'uefa_cards_4x_procedural_repro'.
temp_debug_refactored_code.ts(1494,49): error TS2339: Property 'hydratePaints' does not exist on type 'uefa_cards_4x_procedural_repro'.
temp_debug_refactored_code.ts(1495,51): error TS2339: Property 'hydratePaints' does not exist on type 'uefa_cards_4x_procedural_repro'.
temp_debug_refactored_code.ts(1514,12): error TS2339: Property 'setFont' does not exist on type 'uefa_cards_4x_procedural_repro'.
temp_debug_refactored_code.ts(1516,12): error TS2339: Property 'setRangeFont' does not exist on type 'uefa_cards_4x_procedural_repro'.
temp_debug_refactored_code.ts(1549,49): error TS2339: Property 'hydratePaints' does not exist on type 'uefa_cards_4x_procedural_repro'.
temp_debug_refactored_code.ts(1550,51): error TS2339: Property 'hydratePaints' does not exist on type 'uefa_cards_4x_procedural_repro'.
temp_debug_refactored_code.ts(1587,57): error TS2339: Property 'hydratePaints' does not exist on type 'uefa_cards_4x_procedural_repro'.
temp_debug_refactored_code.ts(1588,59): error TS2339: Property 'hydratePaints' does not exist on type 'uefa_cards_4x_procedural_repro'.
temp_debug_refactored_code.ts(1610,65): error TS2339: Property 'hydratePaints' does not exist on type 'uefa_cards_4x_procedural_repro'.
temp_debug_refactored_code.ts(1611,67): error TS2339: Property 'hydratePaints' does not exist on type 'uefa_cards_4x_procedural_repro'.
temp_debug_refactored_code.ts(1630,12): error TS2339: Property 'setFont' does not exist on type 'uefa_cards_4x_procedural_repro'.
temp_debug_refactored_code.ts(1632,12): error TS2339: Property 'setRangeFont' does not exist on type 'uefa_cards_4x_procedural_repro'.
temp_debug_refactored_code.ts(1650,65): error TS2339: Property 'hydratePaints' does not exist on type 'uefa_cards_4x_procedural_repro'.
temp_debug_refactored_code.ts(1651,67): error TS2339: Property 'hydratePaints' does not exist on type 'uefa_cards_4x_procedural_repro'.
temp_debug_refactored_code.ts(1670,12): error TS2339: Property 'setFont' does not exist on type 'uefa_cards_4x_procedural_repro'.
temp_debug_refactored_code.ts(1672,12): error TS2339: Property 'setRangeFont' does not exist on type 'uefa_cards_4x_procedural_repro'.
temp_debug_refactored_code.ts(1710,57): error TS2339: Property 'hydratePaints' does not exist on type 'uefa_cards_4x_procedural_repro'.
temp_debug_refactored_code.ts(1711,59): error TS2339: Property 'hydratePaints' does not exist on type 'uefa_cards_4x_procedural_repro'.
temp_debug_refactored_code.ts(1733,65): error TS2339: Property 'hydratePaints' does not exist on type 'uefa_cards_4x_procedural_repro'.
temp_debug_refactored_code.ts(1734,67): error TS2339: Property 'hydratePaints' does not exist on type 'uefa_cards_4x_procedural_repro'.
temp_debug_refactored_code.ts(1753,12): error TS2339: Property 'setFont' does not exist on type 'uefa_cards_4x_procedural_repro'.
temp_debug_refactored_code.ts(1755,12): error TS2339: Property 'setRangeFont' does not exist on type 'uefa_cards_4x_procedural_repro'.
temp_debug_refactored_code.ts(1788,65): error TS2339: Property 'hydratePaints' does not exist on type 'uefa_cards_4x_procedural_repro'.
temp_debug_refactored_code.ts(1789,67): error TS2339: Property 'hydratePaints' does not exist on type 'uefa_cards_4x_procedural_repro'.
temp_debug_refactored_code.ts(1803,1): error TS2304: Cannot find name 'root_child_2_child_1_child_2_child_1_child_1_child_0'.
temp_debug_refactored_code.ts(1804,1): error TS2304: Cannot find name 'root_child_2_child_1_child_2_child_1_child_1_child_0'.
temp_debug_refactored_code.ts(1805,1): error TS2304: Cannot find name 'root_child_2_child_1_child_2_child_1_child_1_child_0'.
temp_debug_refactored_code.ts(1806,1): error TS2304: Cannot find name 'root_child_2_child_1_child_2_child_1_child_1_child_0'.
temp_debug_refactored_code.ts(1807,20): error TS2304: Cannot find name 'root_child_2_child_1_child_2_child_1_child_1_child_0'.
temp_debug_refactored_code.ts(1807,74): error TS2304: Cannot find name 'root_child_2_child_1_child_2_child_1_child_1_child_0'.
temp_debug_refactored_code.ts(1808,17): error TS2304: Cannot find name 'root_child_2_child_1_child_2_child_1_child_1_child_0'.
temp_debug_refactored_code.ts(1808,71): error TS2304: Cannot find name 'root_child_2_child_1_child_2_child_1_child_1_child_0'.
temp_debug_refactored_code.ts(1809,19): error TS2304: Cannot find name 'root_child_2_child_1_child_2_child_1_child_1_child_0'.
temp_debug_refactored_code.ts(1809,73): error TS2304: Cannot find name 'root_child_2_child_1_child_2_child_1_child_1_child_0'.
temp_debug_refactored_code.ts(1810,1): error TS2304: Cannot find name 'root_child_2_child_1_child_2_child_1_child_1_child_0'.
temp_debug_refactored_code.ts(1810,75): error TS2339: Property 'hydratePaints' does not exist on type 'uefa_cards_4x_procedural_repro'.
temp_debug_refactored_code.ts(1811,1): error TS2304: Cannot find name 'root_child_2_child_1_child_2_child_1_child_1_child_0'.
temp_debug_refactored_code.ts(1812,1): error TS2304: Cannot find name 'root_child_2_child_1_child_2_child_1_child_1_child_0'.
temp_debug_refactored_code.ts(1813,20): error TS2304: Cannot find name 'root_child_2_child_1_child_2_child_1_child_1_child_0'.
temp_debug_refactored_code.ts(1813,74): error TS2304: Cannot find name 'root_child_2_child_1_child_2_child_1_child_1_child_0'.
temp_debug_refactored_code.ts(1814,21): error TS2304: Cannot find name 'root_child_2_child_1_child_2_child_1_child_1_child_0'.
temp_debug_refactored_code.ts(1814,75): error TS2304: Cannot find name 'root_child_2_child_1_child_2_child_1_child_1_child_0'.
temp_debug_refactored_code.ts(1815,27): error TS2304: Cannot find name 'root_child_2_child_1_child_2_child_1_child_1_child_0'.
temp_debug_refactored_code.ts(1815,81): error TS2304: Cannot find name 'root_child_2_child_1_child_2_child_1_child_1_child_0'.
temp_debug_refactored_code.ts(1816,1): error TS2304: Cannot find name 'root_child_2_child_1_child_2_child_1_child_1_child_0'.
temp_debug_refactored_code.ts(1817,23): error TS2304: Cannot find name 'root_child_2_child_1_child_2_child_1_child_1_child_0'.
temp_debug_refactored_code.ts(1817,77): error TS2304: Cannot find name 'root_child_2_child_1_child_2_child_1_child_1_child_0'.
temp_debug_refactored_code.ts(1818,58): error TS2304: Cannot find name 'root_child_2_child_1_child_2_child_1_child_1_child_0'.
temp_debug_refactored_code.ts(1820,1): error TS2304: Cannot find name 'root_child_2_child_1_child_2_child_1_child_1_child_0'.
temp_debug_refactored_code.ts(1821,1): error TS2304: Cannot find name 'root_child_2_child_1_child_2_child_1_child_1_child_0'.
temp_debug_refactored_code.ts(1822,23): error TS2304: Cannot find name 'root_child_2_child_1_child_2_child_1_child_1_child_0'.
temp_debug_refactored_code.ts(1825,1): error TS2304: Cannot find name 'root_child_2_child_1_child_2_child_1_child_1_child_1'.
temp_debug_refactored_code.ts(1826,1): error TS2304: Cannot find name 'root_child_2_child_1_child_2_child_1_child_1_child_1'.
temp_debug_refactored_code.ts(1827,1): error TS2304: Cannot find name 'root_child_2_child_1_child_2_child_1_child_1_child_1'.
temp_debug_refactored_code.ts(1828,1): error TS2304: Cannot find name 'root_child_2_child_1_child_2_child_1_child_1_child_1'.
temp_debug_refactored_code.ts(1829,20): error TS2304: Cannot find name 'root_child_2_child_1_child_2_child_1_child_1_child_1'.
temp_debug_refactored_code.ts(1829,74): error TS2304: Cannot find name 'root_child_2_child_1_child_2_child_1_child_1_child_1'.
temp_debug_refactored_code.ts(1830,17): error TS2304: Cannot find name 'root_child_2_child_1_child_2_child_1_child_1_child_1'.
temp_debug_refactored_code.ts(1830,71): error TS2304: Cannot find name 'root_child_2_child_1_child_2_child_1_child_1_child_1'.
temp_debug_refactored_code.ts(1831,19): error TS2304: Cannot find name 'root_child_2_child_1_child_2_child_1_child_1_child_1'.
temp_debug_refactored_code.ts(1831,73): error TS2304: Cannot find name 'root_child_2_child_1_child_2_child_1_child_1_child_1'.
temp_debug_refactored_code.ts(1832,1): error TS2304: Cannot find name 'root_child_2_child_1_child_2_child_1_child_1_child_1'.
temp_debug_refactored_code.ts(1832,75): error TS2339: Property 'hydratePaints' does not exist on type 'uefa_cards_4x_procedural_repro'.
temp_debug_refactored_code.ts(1833,1): error TS2304: Cannot find name 'root_child_2_child_1_child_2_child_1_child_1_child_1'.
temp_debug_refactored_code.ts(1834,1): error TS2304: Cannot find name 'root_child_2_child_1_child_2_child_1_child_1_child_1'.
temp_debug_refactored_code.ts(1835,20): error TS2304: Cannot find name 'root_child_2_child_1_child_2_child_1_child_1_child_1'.
temp_debug_refactored_code.ts(1835,74): error TS2304: Cannot find name 'root_child_2_child_1_child_2_child_1_child_1_child_1'.
temp_debug_refactored_code.ts(1836,21): error TS2304: Cannot find name 'root_child_2_child_1_child_2_child_1_child_1_child_1'.
temp_debug_refactored_code.ts(1836,75): error TS2304: Cannot find name 'root_child_2_child_1_child_2_child_1_child_1_child_1'.
temp_debug_refactored_code.ts(1837,27): error TS2304: Cannot find name 'root_child_2_child_1_child_2_child_1_child_1_child_1'.
temp_debug_refactored_code.ts(1837,81): error TS2304: Cannot find name 'root_child_2_child_1_child_2_child_1_child_1_child_1'.
temp_debug_refactored_code.ts(1838,1): error TS2304: Cannot find name 'root_child_2_child_1_child_2_child_1_child_1_child_1'.
temp_debug_refactored_code.ts(1839,23): error TS2304: Cannot find name 'root_child_2_child_1_child_2_child_1_child_1_child_1'.
temp_debug_refactored_code.ts(1839,77): error TS2304: Cannot find name 'root_child_2_child_1_child_2_child_1_child_1_child_1'.
temp_debug_refactored_code.ts(1840,58): error TS2304: Cannot find name 'root_child_2_child_1_child_2_child_1_child_1_child_1'.
temp_debug_refactored_code.ts(1842,1): error TS2304: Cannot find name 'root_child_2_child_1_child_2_child_1_child_1_child_1'.
temp_debug_refactored_code.ts(1843,1): error TS2304: Cannot find name 'root_child_2_child_1_child_2_child_1_child_1_child_1'.
temp_debug_refactored_code.ts(1844,23): error TS2304: Cannot find name 'root_child_2_child_1_child_2_child_1_child_1_child_1'.
temp_debug_refactored_code.ts(1847,1): error TS2304: Cannot find name 'root_child_2_child_1_child_2_child_1_child_1_child_2'.
temp_debug_refactored_code.ts(1848,1): error TS2304: Cannot find name 'root_child_2_child_1_child_2_child_1_child_1_child_2'.
temp_debug_refactored_code.ts(1849,1): error TS2304: Cannot find name 'root_child_2_child_1_child_2_child_1_child_1_child_2'.
temp_debug_refactored_code.ts(1850,1): error TS2304: Cannot find name 'root_child_2_child_1_child_2_child_1_child_1_child_2'.
temp_debug_refactored_code.ts(1851,20): error TS2304: Cannot find name 'root_child_2_child_1_child_2_child_1_child_1_child_2'.
temp_debug_refactored_code.ts(1851,74): error TS2304: Cannot find name 'root_child_2_child_1_child_2_child_1_child_1_child_2'.
temp_debug_refactored_code.ts(1852,17): error TS2304: Cannot find name 'root_child_2_child_1_child_2_child_1_child_1_child_2'.
temp_debug_refactored_code.ts(1852,71): error TS2304: Cannot find name 'root_child_2_child_1_child_2_child_1_child_1_child_2'.
temp_debug_refactored_code.ts(1853,19): error TS2304: Cannot find name 'root_child_2_child_1_child_2_child_1_child_1_child_2'.
temp_debug_refactored_code.ts(1853,73): error TS2304: Cannot find name 'root_child_2_child_1_child_2_child_1_child_1_child_2'.
temp_debug_refactored_code.ts(1854,1): error TS2304: Cannot find name 'root_child_2_child_1_child_2_child_1_child_1_child_2'.
temp_debug_refactored_code.ts(1854,75): error TS2339: Property 'hydratePaints' does not exist on type 'uefa_cards_4x_procedural_repro'.
temp_debug_refactored_code.ts(1855,1): error TS2304: Cannot find name 'root_child_2_child_1_child_2_child_1_child_1_child_2'.
temp_debug_refactored_code.ts(1856,1): error TS2304: Cannot find name 'root_child_2_child_1_child_2_child_1_child_1_child_2'.
temp_debug_refactored_code.ts(1857,20): error TS2304: Cannot find name 'root_child_2_child_1_child_2_child_1_child_1_child_2'.
temp_debug_refactored_code.ts(1857,74): error TS2304: Cannot find name 'root_child_2_child_1_child_2_child_1_child_1_child_2'.
temp_debug_refactored_code.ts(1858,21): error TS2304: Cannot find name 'root_child_2_child_1_child_2_child_1_child_1_child_2'.
temp_debug_refactored_code.ts(1858,75): error TS2304: Cannot find name 'root_child_2_child_1_child_2_child_1_child_1_child_2'.
temp_debug_refactored_code.ts(1859,27): error TS2304: Cannot find name 'root_child_2_child_1_child_2_child_1_child_1_child_2'.
temp_debug_refactored_code.ts(1859,81): error TS2304: Cannot find name 'root_child_2_child_1_child_2_child_1_child_1_child_2'.
temp_debug_refactored_code.ts(1860,1): error TS2304: Cannot find name 'root_child_2_child_1_child_2_child_1_child_1_child_2'.
temp_debug_refactored_code.ts(1861,23): error TS2304: Cannot find name 'root_child_2_child_1_child_2_child_1_child_1_child_2'.
temp_debug_refactored_code.ts(1861,77): error TS2304: Cannot find name 'root_child_2_child_1_child_2_child_1_child_1_child_2'.
temp_debug_refactored_code.ts(1862,58): error TS2304: Cannot find name 'root_child_2_child_1_child_2_child_1_child_1_child_2'.
temp_debug_refactored_code.ts(1864,1): error TS2304: Cannot find name 'root_child_2_child_1_child_2_child_1_child_1_child_2'.
temp_debug_refactored_code.ts(1865,1): error TS2304: Cannot find name 'root_child_2_child_1_child_2_child_1_child_1_child_2'.
temp_debug_refactored_code.ts(1866,23): error TS2304: Cannot find name 'root_child_2_child_1_child_2_child_1_child_1_child_2'.
temp_debug_refactored_code.ts(1869,1): error TS2304: Cannot find name 'root_child_2_child_1_child_2_child_1_child_1_child_3'.
temp_debug_refactored_code.ts(1870,1): error TS2304: Cannot find name 'root_child_2_child_1_child_2_child_1_child_1_child_3'.
temp_debug_refactored_code.ts(1871,1): error TS2304: Cannot find name 'root_child_2_child_1_child_2_child_1_child_1_child_3'.
temp_debug_refactored_code.ts(1872,1): error TS2304: Cannot find name 'root_child_2_child_1_child_2_child_1_child_1_child_3'.
temp_debug_refactored_code.ts(1873,20): error TS2304: Cannot find name 'root_child_2_child_1_child_2_child_1_child_1_child_3'.
temp_debug_refactored_code.ts(1873,74): error TS2304: Cannot find name 'root_child_2_child_1_child_2_child_1_child_1_child_3'.
temp_debug_refactored_code.ts(1874,17): error TS2304: Cannot find name 'root_child_2_child_1_child_2_child_1_child_1_child_3'.
temp_debug_refactored_code.ts(1874,71): error TS2304: Cannot find name 'root_child_2_child_1_child_2_child_1_child_1_child_3'.
temp_debug_refactored_code.ts(1875,19): error TS2304: Cannot find name 'root_child_2_child_1_child_2_child_1_child_1_child_3'.
temp_debug_refactored_code.ts(1875,73): error TS2304: Cannot find name 'root_child_2_child_1_child_2_child_1_child_1_child_3'.
temp_debug_refactored_code.ts(1876,1): error TS2304: Cannot find name 'root_child_2_child_1_child_2_child_1_child_1_child_3'.
temp_debug_refactored_code.ts(1876,75): error TS2339: Property 'hydratePaints' does not exist on type 'uefa_cards_4x_procedural_repro'.
temp_debug_refactored_code.ts(1877,1): error TS2304: Cannot find name 'root_child_2_child_1_child_2_child_1_child_1_child_3'.
temp_debug_refactored_code.ts(1878,1): error TS2304: Cannot find name 'root_child_2_child_1_child_2_child_1_child_1_child_3'.
temp_debug_refactored_code.ts(1879,20): error TS2304: Cannot find name 'root_child_2_child_1_child_2_child_1_child_1_child_3'.
temp_debug_refactored_code.ts(1879,74): error TS2304: Cannot find name 'root_child_2_child_1_child_2_child_1_child_1_child_3'.
temp_debug_refactored_code.ts(1880,21): error TS2304: Cannot find name 'root_child_2_child_1_child_2_child_1_child_1_child_3'.
temp_debug_refactored_code.ts(1880,75): error TS2304: Cannot find name 'root_child_2_child_1_child_2_child_1_child_1_child_3'.
temp_debug_refactored_code.ts(1881,27): error TS2304: Cannot find name 'root_child_2_child_1_child_2_child_1_child_1_child_3'.
temp_debug_refactored_code.ts(1881,81): error TS2304: Cannot find name 'root_child_2_child_1_child_2_child_1_child_1_child_3'.
temp_debug_refactored_code.ts(1882,1): error TS2304: Cannot find name 'root_child_2_child_1_child_2_child_1_child_1_child_3'.
temp_debug_refactored_code.ts(1883,23): error TS2304: Cannot find name 'root_child_2_child_1_child_2_child_1_child_1_child_3'.
temp_debug_refactored_code.ts(1883,77): error TS2304: Cannot find name 'root_child_2_child_1_child_2_child_1_child_1_child_3'.
temp_debug_refactored_code.ts(1884,58): error TS2304: Cannot find name 'root_child_2_child_1_child_2_child_1_child_1_child_3'.
temp_debug_refactored_code.ts(1886,1): error TS2304: Cannot find name 'root_child_2_child_1_child_2_child_1_child_1_child_3'.
temp_debug_refactored_code.ts(1887,1): error TS2304: Cannot find name 'root_child_2_child_1_child_2_child_1_child_1_child_3'.
temp_debug_refactored_code.ts(1888,23): error TS2304: Cannot find name 'root_child_2_child_1_child_2_child_1_child_1_child_3'.
temp_debug_refactored_code.ts(1891,1): error TS2304: Cannot find name 'root_child_2_child_1_child_2_child_1_child_1_child_4'.
temp_debug_refactored_code.ts(1892,1): error TS2304: Cannot find name 'root_child_2_child_1_child_2_child_1_child_1_child_4'.
temp_debug_refactored_code.ts(1893,1): error TS2304: Cannot find name 'root_child_2_child_1_child_2_child_1_child_1_child_4'.
temp_debug_refactored_code.ts(1894,1): error TS2304: Cannot find name 'root_child_2_child_1_child_2_child_1_child_1_child_4'.
temp_debug_refactored_code.ts(1895,20): error TS2304: Cannot find name 'root_child_2_child_1_child_2_child_1_child_1_child_4'.
temp_debug_refactored_code.ts(1895,74): error TS2304: Cannot find name 'root_child_2_child_1_child_2_child_1_child_1_child_4'.
temp_debug_refactored_code.ts(1896,17): error TS2304: Cannot find name 'root_child_2_child_1_child_2_child_1_child_1_child_4'.
temp_debug_refactored_code.ts(1896,71): error TS2304: Cannot find name 'root_child_2_child_1_child_2_child_1_child_1_child_4'.
temp_debug_refactored_code.ts(1897,19): error TS2304: Cannot find name 'root_child_2_child_1_child_2_child_1_child_1_child_4'.
temp_debug_refactored_code.ts(1897,73): error TS2304: Cannot find name 'root_child_2_child_1_child_2_child_1_child_1_child_4'.
temp_debug_refactored_code.ts(1898,1): error TS2304: Cannot find name 'root_child_2_child_1_child_2_child_1_child_1_child_4'.
temp_debug_refactored_code.ts(1898,75): error TS2339: Property 'hydratePaints' does not exist on type 'uefa_cards_4x_procedural_repro'.
temp_debug_refactored_code.ts(1899,1): error TS2304: Cannot find name 'root_child_2_child_1_child_2_child_1_child_1_child_4'.
temp_debug_refactored_code.ts(1900,1): error TS2304: Cannot find name 'root_child_2_child_1_child_2_child_1_child_1_child_4'.
temp_debug_refactored_code.ts(1901,20): error TS2304: Cannot find name 'root_child_2_child_1_child_2_child_1_child_1_child_4'.
temp_debug_refactored_code.ts(1901,74): error TS2304: Cannot find name 'root_child_2_child_1_child_2_child_1_child_1_child_4'.
temp_debug_refactored_code.ts(1902,21): error TS2304: Cannot find name 'root_child_2_child_1_child_2_child_1_child_1_child_4'.
temp_debug_refactored_code.ts(1902,75): error TS2304: Cannot find name 'root_child_2_child_1_child_2_child_1_child_1_child_4'.
temp_debug_refactored_code.ts(1903,27): error TS2304: Cannot find name 'root_child_2_child_1_child_2_child_1_child_1_child_4'.
temp_debug_refactored_code.ts(1903,81): error TS2304: Cannot find name 'root_child_2_child_1_child_2_child_1_child_1_child_4'.
temp_debug_refactored_code.ts(1904,1): error TS2304: Cannot find name 'root_child_2_child_1_child_2_child_1_child_1_child_4'.
temp_debug_refactored_code.ts(1905,23): error TS2304: Cannot find name 'root_child_2_child_1_child_2_child_1_child_1_child_4'.
temp_debug_refactored_code.ts(1905,77): error TS2304: Cannot find name 'root_child_2_child_1_child_2_child_1_child_1_child_4'.
temp_debug_refactored_code.ts(1906,58): error TS2304: Cannot find name 'root_child_2_child_1_child_2_child_1_child_1_child_4'.
temp_debug_refactored_code.ts(1908,1): error TS2304: Cannot find name 'root_child_2_child_1_child_2_child_1_child_1_child_4'.
temp_debug_refactored_code.ts(1909,1): error TS2304: Cannot find name 'root_child_2_child_1_child_2_child_1_child_1_child_4'.
temp_debug_refactored_code.ts(1910,23): error TS2304: Cannot find name 'root_child_2_child_1_child_2_child_1_child_1_child_4'.
temp_debug_refactored_code.ts(1961,33): error TS2339: Property 'hydratePaints' does not exist on type 'uefa_cards_4x_procedural_repro'.
temp_debug_refactored_code.ts(1962,35): error TS2339: Property 'hydratePaints' does not exist on type 'uefa_cards_4x_procedural_repro'.
temp_debug_refactored_code.ts(1988,41): error TS2339: Property 'hydratePaints' does not exist on type 'uefa_cards_4x_procedural_repro'.
temp_debug_refactored_code.ts(1989,43): error TS2339: Property 'hydratePaints' does not exist on type 'uefa_cards_4x_procedural_repro'.
temp_debug_refactored_code.ts(2031,41): error TS2339: Property 'hydratePaints' does not exist on type 'uefa_cards_4x_procedural_repro'.
temp_debug_refactored_code.ts(2032,43): error TS2339: Property 'hydratePaints' does not exist on type 'uefa_cards_4x_procedural_repro'.
temp_debug_refactored_code.ts(2054,49): error TS2339: Property 'hydratePaints' does not exist on type 'uefa_cards_4x_procedural_repro'.
temp_debug_refactored_code.ts(2055,51): error TS2339: Property 'hydratePaints' does not exist on type 'uefa_cards_4x_procedural_repro'.
temp_debug_refactored_code.ts(2074,12): error TS2339: Property 'setFont' does not exist on type 'uefa_cards_4x_procedural_repro'.
temp_debug_refactored_code.ts(2076,12): error TS2339: Property 'setRangeFont' does not exist on type 'uefa_cards_4x_procedural_repro'.
temp_debug_refactored_code.ts(2094,49): error TS2339: Property 'hydratePaints' does not exist on type 'uefa_cards_4x_procedural_repro'.
temp_debug_refactored_code.ts(2095,51): error TS2339: Property 'hydratePaints' does not exist on type 'uefa_cards_4x_procedural_repro'.
temp_debug_refactored_code.ts(2114,12): error TS2339: Property 'setFont' does not exist on type 'uefa_cards_4x_procedural_repro'.
temp_debug_refactored_code.ts(2116,12): error TS2339: Property 'setRangeFont' does not exist on type 'uefa_cards_4x_procedural_repro'.
temp_debug_refactored_code.ts(2149,49): error TS2339: Property 'hydratePaints' does not exist on type 'uefa_cards_4x_procedural_repro'.
temp_debug_refactored_code.ts(2150,51): error TS2339: Property 'hydratePaints' does not exist on type 'uefa_cards_4x_procedural_repro'.
temp_debug_refactored_code.ts(2187,57): error TS2339: Property 'hydratePaints' does not exist on type 'uefa_cards_4x_procedural_repro'.
temp_debug_refactored_code.ts(2188,59): error TS2339: Property 'hydratePaints' does not exist on type 'uefa_cards_4x_procedural_repro'.
temp_debug_refactored_code.ts(2210,65): error TS2339: Property 'hydratePaints' does not exist on type 'uefa_cards_4x_procedural_repro'.
temp_debug_refactored_code.ts(2211,67): error TS2339: Property 'hydratePaints' does not exist on type 'uefa_cards_4x_procedural_repro'.
temp_debug_refactored_code.ts(2230,12): error TS2339: Property 'setFont' does not exist on type 'uefa_cards_4x_procedural_repro'.
temp_debug_refactored_code.ts(2232,12): error TS2339: Property 'setRangeFont' does not exist on type 'uefa_cards_4x_procedural_repro'.
temp_debug_refactored_code.ts(2250,65): error TS2339: Property 'hydratePaints' does not exist on type 'uefa_cards_4x_procedural_repro'.
temp_debug_refactored_code.ts(2251,67): error TS2339: Property 'hydratePaints' does not exist on type 'uefa_cards_4x_procedural_repro'.
temp_debug_refactored_code.ts(2270,12): error TS2339: Property 'setFont' does not exist on type 'uefa_cards_4x_procedural_repro'.
temp_debug_refactored_code.ts(2272,12): error TS2339: Property 'setRangeFont' does not exist on type 'uefa_cards_4x_procedural_repro'.
temp_debug_refactored_code.ts(2310,57): error TS2339: Property 'hydratePaints' does not exist on type 'uefa_cards_4x_procedural_repro'.
temp_debug_refactored_code.ts(2311,59): error TS2339: Property 'hydratePaints' does not exist on type 'uefa_cards_4x_procedural_repro'.
temp_debug_refactored_code.ts(2333,65): error TS2339: Property 'hydratePaints' does not exist on type 'uefa_cards_4x_procedural_repro'.
temp_debug_refactored_code.ts(2334,67): error TS2339: Property 'hydratePaints' does not exist on type 'uefa_cards_4x_procedural_repro'.
temp_debug_refactored_code.ts(2353,12): error TS2339: Property 'setFont' does not exist on type 'uefa_cards_4x_procedural_repro'.
temp_debug_refactored_code.ts(2355,12): error TS2339: Property 'setRangeFont' does not exist on type 'uefa_cards_4x_procedural_repro'.
temp_debug_refactored_code.ts(2388,65): error TS2339: Property 'hydratePaints' does not exist on type 'uefa_cards_4x_procedural_repro'.
temp_debug_refactored_code.ts(2389,67): error TS2339: Property 'hydratePaints' does not exist on type 'uefa_cards_4x_procedural_repro'.
temp_debug_refactored_code.ts(2403,1): error TS2304: Cannot find name 'root_child_3_child_1_child_2_child_1_child_1_child_0'.
temp_debug_refactored_code.ts(2404,1): error TS2304: Cannot find name 'root_child_3_child_1_child_2_child_1_child_1_child_0'.
temp_debug_refactored_code.ts(2405,1): error TS2304: Cannot find name 'root_child_3_child_1_child_2_child_1_child_1_child_0'.
temp_debug_refactored_code.ts(2406,1): error TS2304: Cannot find name 'root_child_3_child_1_child_2_child_1_child_1_child_0'.
temp_debug_refactored_code.ts(2407,20): error TS2304: Cannot find name 'root_child_3_child_1_child_2_child_1_child_1_child_0'.
temp_debug_refactored_code.ts(2407,74): error TS2304: Cannot find name 'root_child_3_child_1_child_2_child_1_child_1_child_0'.
temp_debug_refactored_code.ts(2408,17): error TS2304: Cannot find name 'root_child_3_child_1_child_2_child_1_child_1_child_0'.
temp_debug_refactored_code.ts(2408,71): error TS2304: Cannot find name 'root_child_3_child_1_child_2_child_1_child_1_child_0'.
temp_debug_refactored_code.ts(2409,19): error TS2304: Cannot find name 'root_child_3_child_1_child_2_child_1_child_1_child_0'.
temp_debug_refactored_code.ts(2409,73): error TS2304: Cannot find name 'root_child_3_child_1_child_2_child_1_child_1_child_0'.
temp_debug_refactored_code.ts(2410,1): error TS2304: Cannot find name 'root_child_3_child_1_child_2_child_1_child_1_child_0'.
temp_debug_refactored_code.ts(2410,75): error TS2339: Property 'hydratePaints' does not exist on type 'uefa_cards_4x_procedural_repro'.
temp_debug_refactored_code.ts(2411,1): error TS2304: Cannot find name 'root_child_3_child_1_child_2_child_1_child_1_child_0'.
temp_debug_refactored_code.ts(2412,1): error TS2304: Cannot find name 'root_child_3_child_1_child_2_child_1_child_1_child_0'.
temp_debug_refactored_code.ts(2413,20): error TS2304: Cannot find name 'root_child_3_child_1_child_2_child_1_child_1_child_0'.
temp_debug_refactored_code.ts(2413,74): error TS2304: Cannot find name 'root_child_3_child_1_child_2_child_1_child_1_child_0'.
temp_debug_refactored_code.ts(2414,21): error TS2304: Cannot find name 'root_child_3_child_1_child_2_child_1_child_1_child_0'.
temp_debug_refactored_code.ts(2414,75): error TS2304: Cannot find name 'root_child_3_child_1_child_2_child_1_child_1_child_0'.
temp_debug_refactored_code.ts(2415,27): error TS2304: Cannot find name 'root_child_3_child_1_child_2_child_1_child_1_child_0'.
temp_debug_refactored_code.ts(2415,81): error TS2304: Cannot find name 'root_child_3_child_1_child_2_child_1_child_1_child_0'.
temp_debug_refactored_code.ts(2416,1): error TS2304: Cannot find name 'root_child_3_child_1_child_2_child_1_child_1_child_0'.
temp_debug_refactored_code.ts(2417,23): error TS2304: Cannot find name 'root_child_3_child_1_child_2_child_1_child_1_child_0'.
temp_debug_refactored_code.ts(2417,77): error TS2304: Cannot find name 'root_child_3_child_1_child_2_child_1_child_1_child_0'.
temp_debug_refactored_code.ts(2418,58): error TS2304: Cannot find name 'root_child_3_child_1_child_2_child_1_child_1_child_0'.
temp_debug_refactored_code.ts(2420,1): error TS2304: Cannot find name 'root_child_3_child_1_child_2_child_1_child_1_child_0'.
temp_debug_refactored_code.ts(2421,1): error TS2304: Cannot find name 'root_child_3_child_1_child_2_child_1_child_1_child_0'.
temp_debug_refactored_code.ts(2422,23): error TS2304: Cannot find name 'root_child_3_child_1_child_2_child_1_child_1_child_0'.
temp_debug_refactored_code.ts(2425,1): error TS2304: Cannot find name 'root_child_3_child_1_child_2_child_1_child_1_child_1'.
temp_debug_refactored_code.ts(2426,1): error TS2304: Cannot find name 'root_child_3_child_1_child_2_child_1_child_1_child_1'.
temp_debug_refactored_code.ts(2427,1): error TS2304: Cannot find name 'root_child_3_child_1_child_2_child_1_child_1_child_1'.
temp_debug_refactored_code.ts(2428,1): error TS2304: Cannot find name 'root_child_3_child_1_child_2_child_1_child_1_child_1'.
temp_debug_refactored_code.ts(2429,20): error TS2304: Cannot find name 'root_child_3_child_1_child_2_child_1_child_1_child_1'.
temp_debug_refactored_code.ts(2429,74): error TS2304: Cannot find name 'root_child_3_child_1_child_2_child_1_child_1_child_1'.
temp_debug_refactored_code.ts(2430,17): error TS2304: Cannot find name 'root_child_3_child_1_child_2_child_1_child_1_child_1'.
temp_debug_refactored_code.ts(2430,71): error TS2304: Cannot find name 'root_child_3_child_1_child_2_child_1_child_1_child_1'.
temp_debug_refactored_code.ts(2431,19): error TS2304: Cannot find name 'root_child_3_child_1_child_2_child_1_child_1_child_1'.
temp_debug_refactored_code.ts(2431,73): error TS2304: Cannot find name 'root_child_3_child_1_child_2_child_1_child_1_child_1'.
temp_debug_refactored_code.ts(2432,1): error TS2304: Cannot find name 'root_child_3_child_1_child_2_child_1_child_1_child_1'.
temp_debug_refactored_code.ts(2432,75): error TS2339: Property 'hydratePaints' does not exist on type 'uefa_cards_4x_procedural_repro'.
temp_debug_refactored_code.ts(2433,1): error TS2304: Cannot find name 'root_child_3_child_1_child_2_child_1_child_1_child_1'.
temp_debug_refactored_code.ts(2434,1): error TS2304: Cannot find name 'root_child_3_child_1_child_2_child_1_child_1_child_1'.
temp_debug_refactored_code.ts(2435,20): error TS2304: Cannot find name 'root_child_3_child_1_child_2_child_1_child_1_child_1'.
temp_debug_refactored_code.ts(2435,74): error TS2304: Cannot find name 'root_child_3_child_1_child_2_child_1_child_1_child_1'.
temp_debug_refactored_code.ts(2436,21): error TS2304: Cannot find name 'root_child_3_child_1_child_2_child_1_child_1_child_1'.
temp_debug_refactored_code.ts(2436,75): error TS2304: Cannot find name 'root_child_3_child_1_child_2_child_1_child_1_child_1'.
temp_debug_refactored_code.ts(2437,27): error TS2304: Cannot find name 'root_child_3_child_1_child_2_child_1_child_1_child_1'.
temp_debug_refactored_code.ts(2437,81): error TS2304: Cannot find name 'root_child_3_child_1_child_2_child_1_child_1_child_1'.
temp_debug_refactored_code.ts(2438,1): error TS2304: Cannot find name 'root_child_3_child_1_child_2_child_1_child_1_child_1'.
temp_debug_refactored_code.ts(2439,23): error TS2304: Cannot find name 'root_child_3_child_1_child_2_child_1_child_1_child_1'.
temp_debug_refactored_code.ts(2439,77): error TS2304: Cannot find name 'root_child_3_child_1_child_2_child_1_child_1_child_1'.
temp_debug_refactored_code.ts(2440,58): error TS2304: Cannot find name 'root_child_3_child_1_child_2_child_1_child_1_child_1'.
temp_debug_refactored_code.ts(2442,1): error TS2304: Cannot find name 'root_child_3_child_1_child_2_child_1_child_1_child_1'.
temp_debug_refactored_code.ts(2443,1): error TS2304: Cannot find name 'root_child_3_child_1_child_2_child_1_child_1_child_1'.
temp_debug_refactored_code.ts(2444,23): error TS2304: Cannot find name 'root_child_3_child_1_child_2_child_1_child_1_child_1'.
temp_debug_refactored_code.ts(2447,1): error TS2304: Cannot find name 'root_child_3_child_1_child_2_child_1_child_1_child_2'.
temp_debug_refactored_code.ts(2448,1): error TS2304: Cannot find name 'root_child_3_child_1_child_2_child_1_child_1_child_2'.
temp_debug_refactored_code.ts(2449,1): error TS2304: Cannot find name 'root_child_3_child_1_child_2_child_1_child_1_child_2'.
temp_debug_refactored_code.ts(2450,1): error TS2304: Cannot find name 'root_child_3_child_1_child_2_child_1_child_1_child_2'.
temp_debug_refactored_code.ts(2451,20): error TS2304: Cannot find name 'root_child_3_child_1_child_2_child_1_child_1_child_2'.
temp_debug_refactored_code.ts(2451,74): error TS2304: Cannot find name 'root_child_3_child_1_child_2_child_1_child_1_child_2'.
temp_debug_refactored_code.ts(2452,17): error TS2304: Cannot find name 'root_child_3_child_1_child_2_child_1_child_1_child_2'.
temp_debug_refactored_code.ts(2452,71): error TS2304: Cannot find name 'root_child_3_child_1_child_2_child_1_child_1_child_2'.
temp_debug_refactored_code.ts(2453,19): error TS2304: Cannot find name 'root_child_3_child_1_child_2_child_1_child_1_child_2'.
temp_debug_refactored_code.ts(2453,73): error TS2304: Cannot find name 'root_child_3_child_1_child_2_child_1_child_1_child_2'.
temp_debug_refactored_code.ts(2454,1): error TS2304: Cannot find name 'root_child_3_child_1_child_2_child_1_child_1_child_2'.
temp_debug_refactored_code.ts(2454,75): error TS2339: Property 'hydratePaints' does not exist on type 'uefa_cards_4x_procedural_repro'.
temp_debug_refactored_code.ts(2455,1): error TS2304: Cannot find name 'root_child_3_child_1_child_2_child_1_child_1_child_2'.
temp_debug_refactored_code.ts(2456,1): error TS2304: Cannot find name 'root_child_3_child_1_child_2_child_1_child_1_child_2'.
temp_debug_refactored_code.ts(2457,20): error TS2304: Cannot find name 'root_child_3_child_1_child_2_child_1_child_1_child_2'.
temp_debug_refactored_code.ts(2457,74): error TS2304: Cannot find name 'root_child_3_child_1_child_2_child_1_child_1_child_2'.
temp_debug_refactored_code.ts(2458,21): error TS2304: Cannot find name 'root_child_3_child_1_child_2_child_1_child_1_child_2'.
temp_debug_refactored_code.ts(2458,75): error TS2304: Cannot find name 'root_child_3_child_1_child_2_child_1_child_1_child_2'.
temp_debug_refactored_code.ts(2459,27): error TS2304: Cannot find name 'root_child_3_child_1_child_2_child_1_child_1_child_2'.
temp_debug_refactored_code.ts(2459,81): error TS2304: Cannot find name 'root_child_3_child_1_child_2_child_1_child_1_child_2'.
temp_debug_refactored_code.ts(2460,1): error TS2304: Cannot find name 'root_child_3_child_1_child_2_child_1_child_1_child_2'.
temp_debug_refactored_code.ts(2461,23): error TS2304: Cannot find name 'root_child_3_child_1_child_2_child_1_child_1_child_2'.
temp_debug_refactored_code.ts(2461,77): error TS2304: Cannot find name 'root_child_3_child_1_child_2_child_1_child_1_child_2'.
temp_debug_refactored_code.ts(2462,58): error TS2304: Cannot find name 'root_child_3_child_1_child_2_child_1_child_1_child_2'.
temp_debug_refactored_code.ts(2464,1): error TS2304: Cannot find name 'root_child_3_child_1_child_2_child_1_child_1_child_2'.
temp_debug_refactored_code.ts(2465,1): error TS2304: Cannot find name 'root_child_3_child_1_child_2_child_1_child_1_child_2'.
temp_debug_refactored_code.ts(2466,23): error TS2304: Cannot find name 'root_child_3_child_1_child_2_child_1_child_1_child_2'.
temp_debug_refactored_code.ts(2469,1): error TS2304: Cannot find name 'root_child_3_child_1_child_2_child_1_child_1_child_3'.
temp_debug_refactored_code.ts(2470,1): error TS2304: Cannot find name 'root_child_3_child_1_child_2_child_1_child_1_child_3'.
temp_debug_refactored_code.ts(2471,1): error TS2304: Cannot find name 'root_child_3_child_1_child_2_child_1_child_1_child_3'.
temp_debug_refactored_code.ts(2472,1): error TS2304: Cannot find name 'root_child_3_child_1_child_2_child_1_child_1_child_3'.
temp_debug_refactored_code.ts(2473,20): error TS2304: Cannot find name 'root_child_3_child_1_child_2_child_1_child_1_child_3'.
temp_debug_refactored_code.ts(2473,74): error TS2304: Cannot find name 'root_child_3_child_1_child_2_child_1_child_1_child_3'.
temp_debug_refactored_code.ts(2474,17): error TS2304: Cannot find name 'root_child_3_child_1_child_2_child_1_child_1_child_3'.
temp_debug_refactored_code.ts(2474,71): error TS2304: Cannot find name 'root_child_3_child_1_child_2_child_1_child_1_child_3'.
temp_debug_refactored_code.ts(2475,19): error TS2304: Cannot find name 'root_child_3_child_1_child_2_child_1_child_1_child_3'.
temp_debug_refactored_code.ts(2475,73): error TS2304: Cannot find name 'root_child_3_child_1_child_2_child_1_child_1_child_3'.
temp_debug_refactored_code.ts(2476,1): error TS2304: Cannot find name 'root_child_3_child_1_child_2_child_1_child_1_child_3'.
temp_debug_refactored_code.ts(2476,75): error TS2339: Property 'hydratePaints' does not exist on type 'uefa_cards_4x_procedural_repro'.
temp_debug_refactored_code.ts(2477,1): error TS2304: Cannot find name 'root_child_3_child_1_child_2_child_1_child_1_child_3'.
temp_debug_refactored_code.ts(2478,1): error TS2304: Cannot find name 'root_child_3_child_1_child_2_child_1_child_1_child_3'.
temp_debug_refactored_code.ts(2479,20): error TS2304: Cannot find name 'root_child_3_child_1_child_2_child_1_child_1_child_3'.
temp_debug_refactored_code.ts(2479,74): error TS2304: Cannot find name 'root_child_3_child_1_child_2_child_1_child_1_child_3'.
temp_debug_refactored_code.ts(2480,21): error TS2304: Cannot find name 'root_child_3_child_1_child_2_child_1_child_1_child_3'.
temp_debug_refactored_code.ts(2480,75): error TS2304: Cannot find name 'root_child_3_child_1_child_2_child_1_child_1_child_3'.
temp_debug_refactored_code.ts(2481,27): error TS2304: Cannot find name 'root_child_3_child_1_child_2_child_1_child_1_child_3'.
temp_debug_refactored_code.ts(2481,81): error TS2304: Cannot find name 'root_child_3_child_1_child_2_child_1_child_1_child_3'.
temp_debug_refactored_code.ts(2482,1): error TS2304: Cannot find name 'root_child_3_child_1_child_2_child_1_child_1_child_3'.
temp_debug_refactored_code.ts(2483,23): error TS2304: Cannot find name 'root_child_3_child_1_child_2_child_1_child_1_child_3'.
temp_debug_refactored_code.ts(2483,77): error TS2304: Cannot find name 'root_child_3_child_1_child_2_child_1_child_1_child_3'.
temp_debug_refactored_code.ts(2484,58): error TS2304: Cannot find name 'root_child_3_child_1_child_2_child_1_child_1_child_3'.
temp_debug_refactored_code.ts(2486,1): error TS2304: Cannot find name 'root_child_3_child_1_child_2_child_1_child_1_child_3'.
temp_debug_refactored_code.ts(2487,1): error TS2304: Cannot find name 'root_child_3_child_1_child_2_child_1_child_1_child_3'.
temp_debug_refactored_code.ts(2488,23): error TS2304: Cannot find name 'root_child_3_child_1_child_2_child_1_child_1_child_3'.
temp_debug_refactored_code.ts(2491,1): error TS2304: Cannot find name 'root_child_3_child_1_child_2_child_1_child_1_child_4'.
temp_debug_refactored_code.ts(2492,1): error TS2304: Cannot find name 'root_child_3_child_1_child_2_child_1_child_1_child_4'.
temp_debug_refactored_code.ts(2493,1): error TS2304: Cannot find name 'root_child_3_child_1_child_2_child_1_child_1_child_4'.
temp_debug_refactored_code.ts(2494,1): error TS2304: Cannot find name 'root_child_3_child_1_child_2_child_1_child_1_child_4'.
temp_debug_refactored_code.ts(2495,20): error TS2304: Cannot find name 'root_child_3_child_1_child_2_child_1_child_1_child_4'.
temp_debug_refactored_code.ts(2495,74): error TS2304: Cannot find name 'root_child_3_child_1_child_2_child_1_child_1_child_4'.
temp_debug_refactored_code.ts(2496,17): error TS2304: Cannot find name 'root_child_3_child_1_child_2_child_1_child_1_child_4'.
temp_debug_refactored_code.ts(2496,71): error TS2304: Cannot find name 'root_child_3_child_1_child_2_child_1_child_1_child_4'.
temp_debug_refactored_code.ts(2497,19): error TS2304: Cannot find name 'root_child_3_child_1_child_2_child_1_child_1_child_4'.
temp_debug_refactored_code.ts(2497,73): error TS2304: Cannot find name 'root_child_3_child_1_child_2_child_1_child_1_child_4'.
temp_debug_refactored_code.ts(2498,1): error TS2304: Cannot find name 'root_child_3_child_1_child_2_child_1_child_1_child_4'.
temp_debug_refactored_code.ts(2498,75): error TS2339: Property 'hydratePaints' does not exist on type 'uefa_cards_4x_procedural_repro'.
temp_debug_refactored_code.ts(2499,1): error TS2304: Cannot find name 'root_child_3_child_1_child_2_child_1_child_1_child_4'.
temp_debug_refactored_code.ts(2500,1): error TS2304: Cannot find name 'root_child_3_child_1_child_2_child_1_child_1_child_4'.
temp_debug_refactored_code.ts(2501,20): error TS2304: Cannot find name 'root_child_3_child_1_child_2_child_1_child_1_child_4'.
temp_debug_refactored_code.ts(2501,74): error TS2304: Cannot find name 'root_child_3_child_1_child_2_child_1_child_1_child_4'.
temp_debug_refactored_code.ts(2502,21): error TS2304: Cannot find name 'root_child_3_child_1_child_2_child_1_child_1_child_4'.
temp_debug_refactored_code.ts(2502,75): error TS2304: Cannot find name 'root_child_3_child_1_child_2_child_1_child_1_child_4'.
temp_debug_refactored_code.ts(2503,27): error TS2304: Cannot find name 'root_child_3_child_1_child_2_child_1_child_1_child_4'.
temp_debug_refactored_code.ts(2503,81): error TS2304: Cannot find name 'root_child_3_child_1_child_2_child_1_child_1_child_4'.
temp_debug_refactored_code.ts(2504,1): error TS2304: Cannot find name 'root_child_3_child_1_child_2_child_1_child_1_child_4'.
temp_debug_refactored_code.ts(2505,23): error TS2304: Cannot find name 'root_child_3_child_1_child_2_child_1_child_1_child_4'.
temp_debug_refactored_code.ts(2505,77): error TS2304: Cannot find name 'root_child_3_child_1_child_2_child_1_child_1_child_4'.
temp_debug_refactored_code.ts(2506,58): error TS2304: Cannot find name 'root_child_3_child_1_child_2_child_1_child_1_child_4'.
temp_debug_refactored_code.ts(2508,1): error TS2304: Cannot find name 'root_child_3_child_1_child_2_child_1_child_1_child_4'.
temp_debug_refactored_code.ts(2509,1): error TS2304: Cannot find name 'root_child_3_child_1_child_2_child_1_child_1_child_4'.
temp_debug_refactored_code.ts(2510,23): error TS2304: Cannot find name 'root_child_3_child_1_child_2_child_1_child_1_child_4'.
tools/checkbox_test_case.ts(1,63): error TS2307: Cannot find module '../../BaseComponent' or its corresponding type declarations.
tools/checkbox_test_case.ts(77,54): error TS7006: Parameter 'c' implicitly has an 'any' type.
tools/checkbox_test_case.ts(98,41): error TS7006: Parameter 'c' implicitly has an 'any' type.
tools/checkbox_test_case.ts(115,56): error TS7006: Parameter 'c' implicitly has an 'any' type.
tools/checkbox_test_case.ts(128,27): error TS2339: Property 'fillColor' does not exist on type '{ name: string; isSelected: boolean; }'.
tools/checkbox_test_case.ts(140,29): error TS2339: Property 'renderDefinition' does not exist on type 'checkbox_test_case'.
tools/manual_cleanup.ts(1,33): error TS2307: Cannot find module './CleaningService' or its corresponding type declarations.
tools/pipeline_test.ts(52,45): error TS2345: Argument of type 'number | undefined' is not assignable to parameter of type 'number'.
  Type 'undefined' is not assignable to type 'number'.
tools/pipeline_test.ts(52,58): error TS18048: 'match.index' is possibly 'undefined'.
tools/raw_checkbox_test_case.ts(1,63): error TS2307: Cannot find module '../../BaseComponent' or its corresponding type declarations.
tools/raw_checkbox_test_case.ts(14,33): error TS2339: Property 'renderDefinition' does not exist on type 'raw_checkbox_test_case'.
